2023-01-07 12:37:14,969 [main] INFO  o.s.b.t.c.SpringBootTestContextBootstrapper        -Neither @ContextConfiguration nor @ContextHierarchy found for test class [com.medicalservice.doctor.DoctormoduleApplicationTests], using SpringBootContextLoader 
2023-01-07 12:37:15,048 [main] INFO  o.s.t.c.s.AbstractContextLoader                    -Could not detect default resource locations for test class [com.medicalservice.doctor.DoctormoduleApplicationTests]: no resource found for suffixes {-context.xml, Context.groovy}. 
2023-01-07 12:37:15,054 [main] INFO  o.s.t.c.s.AnnotationConfigContextLoaderUtils       -Could not detect default configuration classes for test class [com.medicalservice.doctor.DoctormoduleApplicationTests]: DoctormoduleApplicationTests does not declare any static, non-private, non-final, nested classes annotated with @Configuration. 
2023-01-07 12:37:15,511 [main] INFO  o.s.b.t.c.SpringBootTestContextBootstrapper        -Found @SpringBootConfiguration com.medicalservice.doctor.DoctormoduleApplication for test class com.medicalservice.doctor.DoctormoduleApplicationTests 
2023-01-07 12:37:16,012 [main] INFO  o.s.b.t.c.SpringBootTestContextBootstrapper        -Loaded default TestExecutionListener class names from location [META-INF/spring.factories]: [org.springframework.boot.test.mock.mockito.MockitoTestExecutionListener, org.springframework.boot.test.mock.mockito.ResetMocksTestExecutionListener, org.springframework.boot.test.autoconfigure.restdocs.RestDocsTestExecutionListener, org.springframework.boot.test.autoconfigure.web.client.MockRestServiceServerResetTestExecutionListener, org.springframework.boot.test.autoconfigure.web.servlet.MockMvcPrintOnlyOnFailureTestExecutionListener, org.springframework.boot.test.autoconfigure.web.servlet.WebDriverTestExecutionListener, org.springframework.boot.test.autoconfigure.webservices.client.MockWebServiceServerTestExecutionListener, org.springframework.test.context.web.ServletTestExecutionListener, org.springframework.test.context.support.DirtiesContextBeforeModesTestExecutionListener, org.springframework.test.context.event.ApplicationEventsTestExecutionListener, org.springframework.test.context.support.DependencyInjectionTestExecutionListener, org.springframework.test.context.support.DirtiesContextTestExecutionListener, org.springframework.test.context.transaction.TransactionalTestExecutionListener, org.springframework.test.context.jdbc.SqlScriptsTestExecutionListener, org.springframework.test.context.event.EventPublishingTestExecutionListener] 
2023-01-07 12:37:16,141 [main] INFO  o.s.b.t.c.SpringBootTestContextBootstrapper        -Using TestExecutionListeners: [org.springframework.test.context.web.ServletTestExecutionListener@46baf579, org.springframework.test.context.support.DirtiesContextBeforeModesTestExecutionListener@4bf324f9, org.springframework.test.context.event.ApplicationEventsTestExecutionListener@4f7c0be3, org.springframework.boot.test.mock.mockito.MockitoTestExecutionListener@ca66933, org.springframework.boot.test.autoconfigure.SpringBootDependencyInjectionTestExecutionListener@1d2644e3, org.springframework.test.context.support.DirtiesContextTestExecutionListener@4fa06f52, org.springframework.test.context.transaction.TransactionalTestExecutionListener@602c4656, org.springframework.test.context.jdbc.SqlScriptsTestExecutionListener@5ffc5491, org.springframework.test.context.event.EventPublishingTestExecutionListener@705202d1, org.springframework.boot.test.mock.mockito.ResetMocksTestExecutionListener@3c443976, org.springframework.boot.test.autoconfigure.restdocs.RestDocsTestExecutionListener@3e58d65e, org.springframework.boot.test.autoconfigure.web.client.MockRestServiceServerResetTestExecutionListener@3bd55d8, org.springframework.boot.test.autoconfigure.web.servlet.MockMvcPrintOnlyOnFailureTestExecutionListener@63998bf4, org.springframework.boot.test.autoconfigure.web.servlet.WebDriverTestExecutionListener@7e0b9178, org.springframework.boot.test.autoconfigure.webservices.client.MockWebServiceServerTestExecutionListener@61942c1] 
2023-01-07 12:37:18,408 [main] INFO  c.m.d.DoctormoduleApplicationTests                 -Starting DoctormoduleApplicationTests using Java 17.0.5 on DESKTOP-RT17JBD with PID 4516 (started by sourav kumar in E:\MedicalService-System\back-end\doctormodule) 
2023-01-07 12:37:18,483 [main] INFO  c.m.d.DoctormoduleApplicationTests                 -No active profile set, falling back to default profiles: default 
2023-01-07 12:37:23,241 [main] INFO  o.s.d.r.c.RepositoryConfigurationDelegate          -Bootstrapping Spring Data MongoDB repositories in DEFAULT mode. 
2023-01-07 12:37:23,516 [main] INFO  o.s.d.r.c.RepositoryConfigurationDelegate          -Finished Spring Data repository scanning in 249 ms. Found 1 MongoDB repository interfaces. 
2023-01-07 12:37:26,159 [main] INFO  o.s.c.s.PostProcessorRegistrationDelegate$BeanPostProcessorChecker -Bean 'org.springframework.ws.config.annotation.DelegatingWsConfiguration' of type [org.springframework.ws.config.annotation.DelegatingWsConfiguration$$EnhancerBySpringCGLIB$$4382c38d] is not eligible for getting processed by all BeanPostProcessors (for example: not eligible for auto-proxying) 
2023-01-07 12:37:26,503 [main] INFO  o.s.w.s.a.s.AnnotationActionEndpointMapping        -Supporting [WS-Addressing August 2004, WS-Addressing 1.0] 
2023-01-07 12:37:27,894 [main] INFO  o.m.d.cluster                                      -Cluster created with settings {hosts=[localhost:27017], mode=SINGLE, requiredClusterType=UNKNOWN, serverSelectionTimeout='30000 ms'} 
2023-01-07 12:37:28,352 [cluster-ClusterId{value='63b91a2f38669d6a57954131', description='null'}-localhost:27017] INFO  o.m.d.connection                                   -Opened connection [connectionId{localValue:2, serverValue:472}] to localhost:27017 
2023-01-07 12:37:28,353 [cluster-rtt-ClusterId{value='63b91a2f38669d6a57954131', description='null'}-localhost:27017] INFO  o.m.d.connection                                   -Opened connection [connectionId{localValue:1, serverValue:471}] to localhost:27017 
2023-01-07 12:37:28,354 [cluster-ClusterId{value='63b91a2f38669d6a57954131', description='null'}-localhost:27017] INFO  o.m.d.cluster                                      -Monitor thread successfully connected to server with description ServerDescription{address=localhost:27017, type=STANDALONE, state=CONNECTED, ok=true, minWireVersion=0, maxWireVersion=17, maxDocumentSize=16777216, logicalSessionTimeoutMinutes=30, roundTripTimeNanos=69152600} 
2023-01-07 12:37:35,675 [main] INFO  s.d.s.w.p.DocumentationPluginsBootstrapper         -Context refreshed 
2023-01-07 12:37:35,770 [main] INFO  s.d.s.w.p.DocumentationPluginsBootstrapper         -Found 1 custom documentation plugin(s) 
2023-01-07 12:37:35,794 [main] INFO  s.d.s.w.s.ApiListingReferenceScanner               -Scanning for api listing references 
2023-01-07 12:37:36,766 [main] INFO  c.m.d.DoctormoduleApplicationTests                 -Started DoctormoduleApplicationTests in 20.414 seconds (JVM running for 29.04) 
2023-01-07 12:37:40,173 [main] INFO  c.m.d.s.DoctorServiceImpl                          -Getting Doctor By Id From DoctorService..... 
2023-01-07 12:37:40,387 [main] INFO  c.m.d.s.DoctorServiceImpl                          -Getting All Doctors From DoctorService..... 
2023-01-07 12:37:40,437 [main] INFO  c.m.d.s.DoctorServiceImpl                          -Adding Doctor From DoctorService..... 
2023-01-07 12:37:40,471 [main] INFO  c.m.d.s.DoctorServiceImpl                          -Getting All Doctors By Specialization From DoctorService..... 
2023-01-07 12:37:40,505 [main] INFO  c.m.d.s.DoctorServiceImpl                          -Deleting  Doctor Id From DoctorService..... 
2023-01-07 12:37:40,507 [main] INFO  c.m.d.s.DoctorServiceImpl                          -Getting Doctor By Id From DoctorService..... 
2023-01-07 12:37:40,554 [main] INFO  c.m.d.s.DoctorServiceImpl                          -Updating Doctor Password From DoctorService..... 
2023-01-07 12:37:40,559 [main] INFO  c.m.d.s.DoctorServiceImpl                          -Updating Doctor Name From DoctorService..... 
2023-01-07 12:37:40,560 [main] INFO  c.m.d.s.DoctorServiceImpl                          -Updating YearsOfExperience From DoctorService..... 
2023-01-07 12:37:40,560 [main] INFO  c.m.d.s.DoctorServiceImpl                          -Updating Doctor Specialization From DoctorService..... 
2023-01-07 12:37:40,562 [main] INFO  c.m.d.s.DoctorServiceImpl                          -Getting Doctor By Id From DoctorService..... 
2023-01-07 15:02:58,403 [main] INFO  o.s.b.t.c.SpringBootTestContextBootstrapper        -Neither @ContextConfiguration nor @ContextHierarchy found for test class [com.medicalservice.doctor.DoctormoduleApplicationTests], using SpringBootContextLoader 
2023-01-07 15:02:58,499 [main] INFO  o.s.t.c.s.AbstractContextLoader                    -Could not detect default resource locations for test class [com.medicalservice.doctor.DoctormoduleApplicationTests]: no resource found for suffixes {-context.xml, Context.groovy}. 
2023-01-07 15:02:58,501 [main] INFO  o.s.t.c.s.AnnotationConfigContextLoaderUtils       -Could not detect default configuration classes for test class [com.medicalservice.doctor.DoctormoduleApplicationTests]: DoctormoduleApplicationTests does not declare any static, non-private, non-final, nested classes annotated with @Configuration. 
2023-01-07 15:02:59,540 [main] INFO  o.s.b.t.c.SpringBootTestContextBootstrapper        -Found @SpringBootConfiguration com.medicalservice.doctor.DoctormoduleApplication for test class com.medicalservice.doctor.DoctormoduleApplicationTests 
2023-01-07 15:03:00,566 [main] INFO  o.s.b.t.c.SpringBootTestContextBootstrapper        -Loaded default TestExecutionListener class names from location [META-INF/spring.factories]: [org.springframework.boot.test.mock.mockito.MockitoTestExecutionListener, org.springframework.boot.test.mock.mockito.ResetMocksTestExecutionListener, org.springframework.boot.test.autoconfigure.restdocs.RestDocsTestExecutionListener, org.springframework.boot.test.autoconfigure.web.client.MockRestServiceServerResetTestExecutionListener, org.springframework.boot.test.autoconfigure.web.servlet.MockMvcPrintOnlyOnFailureTestExecutionListener, org.springframework.boot.test.autoconfigure.web.servlet.WebDriverTestExecutionListener, org.springframework.boot.test.autoconfigure.webservices.client.MockWebServiceServerTestExecutionListener, org.springframework.test.context.web.ServletTestExecutionListener, org.springframework.test.context.support.DirtiesContextBeforeModesTestExecutionListener, org.springframework.test.context.event.ApplicationEventsTestExecutionListener, org.springframework.test.context.support.DependencyInjectionTestExecutionListener, org.springframework.test.context.support.DirtiesContextTestExecutionListener, org.springframework.test.context.transaction.TransactionalTestExecutionListener, org.springframework.test.context.jdbc.SqlScriptsTestExecutionListener, org.springframework.test.context.event.EventPublishingTestExecutionListener] 
2023-01-07 15:03:00,856 [main] INFO  o.s.b.t.c.SpringBootTestContextBootstrapper        -Using TestExecutionListeners: [org.springframework.test.context.web.ServletTestExecutionListener@ca66933, org.springframework.test.context.support.DirtiesContextBeforeModesTestExecutionListener@1d2644e3, org.springframework.test.context.event.ApplicationEventsTestExecutionListener@4fa06f52, org.springframework.boot.test.mock.mockito.MockitoTestExecutionListener@602c4656, org.springframework.boot.test.autoconfigure.SpringBootDependencyInjectionTestExecutionListener@5ffc5491, org.springframework.test.context.support.DirtiesContextTestExecutionListener@705202d1, org.springframework.test.context.transaction.TransactionalTestExecutionListener@3c443976, org.springframework.test.context.jdbc.SqlScriptsTestExecutionListener@3e58d65e, org.springframework.test.context.event.EventPublishingTestExecutionListener@3bd55d8, org.springframework.boot.test.mock.mockito.ResetMocksTestExecutionListener@63998bf4, org.springframework.boot.test.autoconfigure.restdocs.RestDocsTestExecutionListener@7e0b9178, org.springframework.boot.test.autoconfigure.web.client.MockRestServiceServerResetTestExecutionListener@61942c1, org.springframework.boot.test.autoconfigure.web.servlet.MockMvcPrintOnlyOnFailureTestExecutionListener@6f63c44f, org.springframework.boot.test.autoconfigure.web.servlet.WebDriverTestExecutionListener@408a247c, org.springframework.boot.test.autoconfigure.webservices.client.MockWebServiceServerTestExecutionListener@62a8fd44] 
2023-01-07 15:03:04,690 [main] INFO  c.m.d.DoctormoduleApplicationTests                 -Starting DoctormoduleApplicationTests using Java 17.0.5 on DESKTOP-RT17JBD with PID 9128 (started by sourav kumar in E:\MedicalService-System\back-end\doctormodule) 
2023-01-07 15:03:04,708 [main] INFO  c.m.d.DoctormoduleApplicationTests                 -No active profile set, falling back to default profiles: default 
2023-01-07 15:03:15,075 [main] INFO  o.s.d.r.c.RepositoryConfigurationDelegate          -Bootstrapping Spring Data MongoDB repositories in DEFAULT mode. 
2023-01-07 15:03:15,503 [main] INFO  o.s.d.r.c.RepositoryConfigurationDelegate          -Finished Spring Data repository scanning in 410 ms. Found 1 MongoDB repository interfaces. 
2023-01-07 15:03:17,629 [main] INFO  o.s.c.s.PostProcessorRegistrationDelegate$BeanPostProcessorChecker -Bean 'org.springframework.ws.config.annotation.DelegatingWsConfiguration' of type [org.springframework.ws.config.annotation.DelegatingWsConfiguration$$EnhancerBySpringCGLIB$$d1a5942f] is not eligible for getting processed by all BeanPostProcessors (for example: not eligible for auto-proxying) 
2023-01-07 15:03:18,449 [main] INFO  o.s.w.s.a.s.AnnotationActionEndpointMapping        -Supporting [WS-Addressing August 2004, WS-Addressing 1.0] 
2023-01-07 15:03:21,899 [main] INFO  o.m.d.cluster                                      -Cluster created with settings {hosts=[localhost:27017], mode=SINGLE, requiredClusterType=UNKNOWN, serverSelectionTimeout='30000 ms'} 
2023-01-07 15:03:22,451 [cluster-ClusterId{value='63b93c6105d9185f5dbd3aa3', description='null'}-localhost:27017] INFO  o.m.d.connection                                   -Opened connection [connectionId{localValue:1, serverValue:482}] to localhost:27017 
2023-01-07 15:03:22,454 [cluster-ClusterId{value='63b93c6105d9185f5dbd3aa3', description='null'}-localhost:27017] INFO  o.m.d.cluster                                      -Monitor thread successfully connected to server with description ServerDescription{address=localhost:27017, type=STANDALONE, state=CONNECTED, ok=true, minWireVersion=0, maxWireVersion=17, maxDocumentSize=16777216, logicalSessionTimeoutMinutes=30, roundTripTimeNanos=100150900} 
2023-01-07 15:03:22,474 [cluster-rtt-ClusterId{value='63b93c6105d9185f5dbd3aa3', description='null'}-localhost:27017] INFO  o.m.d.connection                                   -Opened connection [connectionId{localValue:2, serverValue:481}] to localhost:27017 
2023-01-07 15:03:34,136 [main] INFO  s.d.s.w.p.DocumentationPluginsBootstrapper         -Context refreshed 
2023-01-07 15:03:34,330 [main] INFO  s.d.s.w.p.DocumentationPluginsBootstrapper         -Found 1 custom documentation plugin(s) 
2023-01-07 15:03:34,356 [main] INFO  s.d.s.w.s.ApiListingReferenceScanner               -Scanning for api listing references 
2023-01-07 15:03:35,306 [main] INFO  c.m.d.DoctormoduleApplicationTests                 -Started DoctormoduleApplicationTests in 34.015 seconds (JVM running for 43.297) 
2023-01-07 15:03:39,634 [main] INFO  c.m.d.s.DoctorServiceImpl                          -Getting Doctor By Id From DoctorService..... 
2023-01-07 15:03:40,116 [main] INFO  c.m.d.s.DoctorServiceImpl                          -Getting All Doctors From DoctorService..... 
2023-01-07 15:03:40,399 [main] INFO  c.m.d.s.DoctorServiceImpl                          -Adding Doctor From DoctorService..... 
2023-01-07 15:03:40,432 [main] INFO  c.m.d.s.DoctorServiceImpl                          -Getting All Doctors By Specialization From DoctorService..... 
2023-01-07 15:03:40,630 [main] INFO  c.m.d.s.DoctorServiceImpl                          -Deleting  Doctor Id From DoctorService..... 
2023-01-07 15:03:40,653 [main] INFO  c.m.d.s.DoctorServiceImpl                          -Getting Doctor By Id From DoctorService..... 
2023-01-07 15:03:40,867 [main] INFO  c.m.d.s.DoctorServiceImpl                          -Updating Doctor Password From DoctorService..... 
2023-01-07 15:03:40,869 [main] INFO  c.m.d.s.DoctorServiceImpl                          -Updating Doctor Name From DoctorService..... 
2023-01-07 15:03:40,870 [main] INFO  c.m.d.s.DoctorServiceImpl                          -Updating YearsOfExperience From DoctorService..... 
2023-01-07 15:03:40,871 [main] INFO  c.m.d.s.DoctorServiceImpl                          -Updating Doctor Specialization From DoctorService..... 
2023-01-07 15:03:40,872 [main] INFO  c.m.d.s.DoctorServiceImpl                          -Getting Doctor By Id From DoctorService..... 
