2023-01-01 20:46:07,409 [main] INFO  o.s.b.t.c.SpringBootTestContextBootstrapper        -Neither @ContextConfiguration nor @ContextHierarchy found for test class [com.medicalservice.feedback.FeedbackmoduleApplicationTests], using SpringBootContextLoader 
2023-01-01 20:46:07,434 [main] INFO  o.s.t.c.s.AbstractContextLoader                    -Could not detect default resource locations for test class [com.medicalservice.feedback.FeedbackmoduleApplicationTests]: no resource found for suffixes {-context.xml, Context.groovy}. 
2023-01-01 20:46:07,435 [main] INFO  o.s.t.c.s.AnnotationConfigContextLoaderUtils       -Could not detect default configuration classes for test class [com.medicalservice.feedback.FeedbackmoduleApplicationTests]: FeedbackmoduleApplicationTests does not declare any static, non-private, non-final, nested classes annotated with @Configuration. 
2023-01-01 20:46:07,755 [main] INFO  o.s.b.t.c.SpringBootTestContextBootstrapper        -Found @SpringBootConfiguration com.medicalservice.feedback.FeedbackmoduleApplication for test class com.medicalservice.feedback.FeedbackmoduleApplicationTests 
2023-01-01 20:46:07,993 [main] INFO  o.s.b.t.c.SpringBootTestContextBootstrapper        -Loaded default TestExecutionListener class names from location [META-INF/spring.factories]: [org.springframework.boot.test.mock.mockito.MockitoTestExecutionListener, org.springframework.boot.test.mock.mockito.ResetMocksTestExecutionListener, org.springframework.boot.test.autoconfigure.restdocs.RestDocsTestExecutionListener, org.springframework.boot.test.autoconfigure.web.client.MockRestServiceServerResetTestExecutionListener, org.springframework.boot.test.autoconfigure.web.servlet.MockMvcPrintOnlyOnFailureTestExecutionListener, org.springframework.boot.test.autoconfigure.web.servlet.WebDriverTestExecutionListener, org.springframework.boot.test.autoconfigure.webservices.client.MockWebServiceServerTestExecutionListener, org.springframework.test.context.web.ServletTestExecutionListener, org.springframework.test.context.support.DirtiesContextBeforeModesTestExecutionListener, org.springframework.test.context.event.ApplicationEventsTestExecutionListener, org.springframework.test.context.support.DependencyInjectionTestExecutionListener, org.springframework.test.context.support.DirtiesContextTestExecutionListener, org.springframework.test.context.transaction.TransactionalTestExecutionListener, org.springframework.test.context.jdbc.SqlScriptsTestExecutionListener, org.springframework.test.context.event.EventPublishingTestExecutionListener] 
2023-01-01 20:46:08,043 [main] INFO  o.s.b.t.c.SpringBootTestContextBootstrapper        -Using TestExecutionListeners: [org.springframework.test.context.web.ServletTestExecutionListener@5d05ef57, org.springframework.test.context.support.DirtiesContextBeforeModesTestExecutionListener@213deac2, org.springframework.test.context.event.ApplicationEventsTestExecutionListener@23eee4b8, org.springframework.boot.test.mock.mockito.MockitoTestExecutionListener@28952dea, org.springframework.boot.test.autoconfigure.SpringBootDependencyInjectionTestExecutionListener@5a9800f8, org.springframework.test.context.support.DirtiesContextTestExecutionListener@143d9a93, org.springframework.test.context.transaction.TransactionalTestExecutionListener@40226788, org.springframework.test.context.jdbc.SqlScriptsTestExecutionListener@4159e81b, org.springframework.test.context.event.EventPublishingTestExecutionListener@5b5caf08, org.springframework.boot.test.mock.mockito.ResetMocksTestExecutionListener@23cd4ff2, org.springframework.boot.test.autoconfigure.restdocs.RestDocsTestExecutionListener@70807224, org.springframework.boot.test.autoconfigure.web.client.MockRestServiceServerResetTestExecutionListener@7e97551f, org.springframework.boot.test.autoconfigure.web.servlet.MockMvcPrintOnlyOnFailureTestExecutionListener@400d912a, org.springframework.boot.test.autoconfigure.web.servlet.WebDriverTestExecutionListener@9f6e406, org.springframework.boot.test.autoconfigure.webservices.client.MockWebServiceServerTestExecutionListener@7a94b64e] 
2023-01-01 20:46:08,754 [main] INFO  c.m.f.FeedbackmoduleApplicationTests               -Starting FeedbackmoduleApplicationTests using Java 17.0.5 on DESKTOP-IO5RF1D with PID 1728 (started by Komali in C:\Users\Komali\Desktop\MedicalService-System\back-end\feedbackmodule) 
2023-01-01 20:46:08,768 [main] INFO  c.m.f.FeedbackmoduleApplicationTests               -No active profile set, falling back to 1 default profile: "default" 
2023-01-01 20:46:11,496 [main] INFO  o.s.d.r.c.RepositoryConfigurationDelegate          -Bootstrapping Spring Data JPA repositories in DEFAULT mode. 
2023-01-01 20:46:11,639 [main] INFO  o.s.d.r.c.RepositoryConfigurationDelegate          -Finished Spring Data repository scanning in 106 ms. Found 1 JPA repository interfaces. 
2023-01-01 20:46:13,342 [main] INFO  o.h.j.i.u.LogHelper                                -HHH000204: Processing PersistenceUnitInfo [name: default] 
2023-01-01 20:46:13,613 [main] INFO  o.h.Version                                        -HHH000412: Hibernate ORM core version 5.6.14.Final 
2023-01-01 20:46:14,216 [main] INFO  o.h.a.c.Version                                    -HCANN000001: Hibernate Commons Annotations {5.1.2.Final} 
2023-01-01 20:46:14,700 [main] INFO  c.z.h.HikariDataSource                             -HikariPool-1 - Starting... 
2023-01-01 20:46:15,819 [main] INFO  c.z.h.HikariDataSource                             -HikariPool-1 - Start completed. 
2023-01-01 20:46:15,888 [main] INFO  o.h.d.Dialect                                      -HHH000400: Using dialect: org.hibernate.dialect.MySQL5Dialect 
2023-01-01 20:46:18,026 [main] INFO  o.h.e.t.j.p.i.JtaPlatformInitiator                 -HHH000490: Using JtaPlatform implementation: [org.hibernate.engine.transaction.jta.platform.internal.NoJtaPlatform] 
2023-01-01 20:46:18,050 [main] INFO  o.s.o.j.LocalContainerEntityManagerFactoryBean     -Initialized JPA EntityManagerFactory for persistence unit 'default' 
2023-01-01 20:46:19,994 [main] WARN  o.s.b.a.o.j.JpaBaseConfiguration$JpaWebConfiguration -spring.jpa.open-in-view is enabled by default. Therefore, database queries may be performed during view rendering. Explicitly configure spring.jpa.open-in-view to disable this warning 
2023-01-01 20:46:22,838 [main] INFO  c.m.f.FeedbackmoduleApplicationTests               -Started FeedbackmoduleApplicationTests in 14.674 seconds (JVM running for 18.859) 
2023-01-01 20:46:23,837 [main] INFO  c.m.f.s.FeedbackServiceImp                         -Adding Feedbacks From FeedbackService..... 
2023-01-01 20:46:23,916 [main] INFO  c.m.f.s.FeedbackServiceImp                         -Getting All Transactions By Feedback Id From FeedbackService..... 
2023-01-01 20:46:23,975 [main] INFO  c.m.f.s.FeedbackServiceImp                         -Updating Patient Name From FeedbackService..... 
2023-01-01 20:46:23,976 [main] INFO  c.m.f.s.FeedbackServiceImp                         -Updating Description From FeedbackService..... 
2023-01-01 20:46:23,976 [main] INFO  c.m.f.s.FeedbackServiceImp                         -Updating Solution From FeedbackService..... 
2023-01-01 20:46:23,977 [main] INFO  c.m.f.s.FeedbackServiceImp                         -Getting All Transactions By Feedback Id From FeedbackService..... 
2023-01-01 20:46:24,163 [SpringApplicationShutdownHook] INFO  o.s.o.j.LocalContainerEntityManagerFactoryBean     -Closing JPA EntityManagerFactory for persistence unit 'default' 
2023-01-01 20:46:24,167 [SpringApplicationShutdownHook] INFO  c.z.h.HikariDataSource                             -HikariPool-1 - Shutdown initiated... 
2023-01-01 20:46:24,203 [SpringApplicationShutdownHook] INFO  c.z.h.HikariDataSource                             -HikariPool-1 - Shutdown completed. 
2023-01-01 20:47:06,071 [restartedMain] INFO  c.m.f.FeedbackmoduleApplication                    -Starting FeedbackmoduleApplication using Java 17.0.5 on DESKTOP-IO5RF1D with PID 16776 (C:\Users\Komali\Desktop\MedicalService-System\back-end\feedbackmodule\target\classes started by Komali in C:\Users\Komali\Desktop\MedicalService-System\back-end\feedbackmodule) 
2023-01-01 20:47:06,101 [restartedMain] INFO  c.m.f.FeedbackmoduleApplication                    -No active profile set, falling back to 1 default profile: "default" 
2023-01-01 20:47:06,195 [restartedMain] INFO  o.s.b.d.e.DevToolsPropertyDefaultsPostProcessor    -Devtools property defaults active! Set 'spring.devtools.add-properties' to 'false' to disable 
2023-01-01 20:47:06,196 [restartedMain] INFO  o.s.b.d.e.DevToolsPropertyDefaultsPostProcessor    -For additional web related logging consider setting the 'logging.level.web' property to 'DEBUG' 
2023-01-01 20:47:07,792 [restartedMain] INFO  o.s.d.r.c.RepositoryConfigurationDelegate          -Bootstrapping Spring Data JPA repositories in DEFAULT mode. 
2023-01-01 20:47:07,887 [restartedMain] INFO  o.s.d.r.c.RepositoryConfigurationDelegate          -Finished Spring Data repository scanning in 78 ms. Found 1 JPA repository interfaces. 
2023-01-01 20:47:09,108 [restartedMain] INFO  o.s.b.w.e.t.TomcatWebServer                        -Tomcat initialized with port(s): 9096 (http) 
2023-01-01 20:47:09,124 [restartedMain] INFO  o.a.c.h.Http11NioProtocol                          -Initializing ProtocolHandler ["http-nio-9096"] 
2023-01-01 20:47:09,126 [restartedMain] INFO  o.a.c.c.StandardService                            -Starting service [Tomcat] 
2023-01-01 20:47:09,127 [restartedMain] INFO  o.a.c.c.StandardEngine                             -Starting Servlet engine: [Apache Tomcat/9.0.70] 
2023-01-01 20:47:09,307 [restartedMain] INFO  o.a.c.c.C.[.[.[/]                                  -Initializing Spring embedded WebApplicationContext 
2023-01-01 20:47:09,308 [restartedMain] INFO  o.s.b.w.s.c.ServletWebServerApplicationContext     -Root WebApplicationContext: initialization completed in 3110 ms 
2023-01-01 20:47:09,563 [restartedMain] INFO  o.h.j.i.u.LogHelper                                -HHH000204: Processing PersistenceUnitInfo [name: default] 
2023-01-01 20:47:09,661 [restartedMain] INFO  o.h.Version                                        -HHH000412: Hibernate ORM core version 5.6.14.Final 
2023-01-01 20:47:09,950 [restartedMain] INFO  o.h.a.c.Version                                    -HCANN000001: Hibernate Commons Annotations {5.1.2.Final} 
2023-01-01 20:47:10,146 [restartedMain] INFO  c.z.h.HikariDataSource                             -HikariPool-1 - Starting... 
2023-01-01 20:47:10,671 [restartedMain] INFO  c.z.h.HikariDataSource                             -HikariPool-1 - Start completed. 
2023-01-01 20:47:10,702 [restartedMain] INFO  o.h.d.Dialect                                      -HHH000400: Using dialect: org.hibernate.dialect.MySQL5Dialect 
2023-01-01 20:47:11,824 [restartedMain] INFO  o.h.e.t.j.p.i.JtaPlatformInitiator                 -HHH000490: Using JtaPlatform implementation: [org.hibernate.engine.transaction.jta.platform.internal.NoJtaPlatform] 
2023-01-01 20:47:11,841 [restartedMain] INFO  o.s.o.j.LocalContainerEntityManagerFactoryBean     -Initialized JPA EntityManagerFactory for persistence unit 'default' 
2023-01-01 20:47:12,672 [restartedMain] WARN  o.s.b.a.o.j.JpaBaseConfiguration$JpaWebConfiguration -spring.jpa.open-in-view is enabled by default. Therefore, database queries may be performed during view rendering. Explicitly configure spring.jpa.open-in-view to disable this warning 
2023-01-01 20:47:13,102 [restartedMain] INFO  o.s.b.d.a.OptionalLiveReloadServer                 -LiveReload server is running on port 35729 
2023-01-01 20:47:13,368 [restartedMain] INFO  o.a.c.h.Http11NioProtocol                          -Starting ProtocolHandler ["http-nio-9096"] 
2023-01-01 20:47:13,409 [restartedMain] INFO  o.s.b.w.e.t.TomcatWebServer                        -Tomcat started on port(s): 9096 (http) with context path '' 
2023-01-01 20:47:13,717 [restartedMain] INFO  c.m.f.FeedbackmoduleApplication                    -Started FeedbackmoduleApplication in 8.3 seconds (JVM running for 10.34) 
2023-01-01 20:51:34,213 [http-nio-9096-exec-1] INFO  o.a.c.c.C.[.[.[/]                                  -Initializing Spring DispatcherServlet 'dispatcherServlet' 
2023-01-01 20:51:34,214 [http-nio-9096-exec-1] INFO  o.s.w.s.DispatcherServlet                          -Initializing Servlet 'dispatcherServlet' 
2023-01-01 20:51:34,223 [http-nio-9096-exec-1] INFO  o.s.w.s.DispatcherServlet                          -Completed initialization in 5 ms 
2023-01-01 20:51:34,610 [http-nio-9096-exec-1] INFO  c.m.f.c.FeedbackController                         -Entering Method addFeedback in FeedbackController 
2023-01-01 20:51:34,611 [http-nio-9096-exec-1] INFO  c.m.f.s.FeedbackServiceImp                         -Adding Feedbacks From FeedbackService..... 
2023-01-01 20:52:54,117 [http-nio-9096-exec-5] INFO  c.m.f.c.FeedbackController                         -Entering Method findFeedbackById in FeedbackController 
2023-01-01 20:52:54,118 [http-nio-9096-exec-5] INFO  c.m.f.s.FeedbackServiceImp                         -Getting All Transactions By Feedback Id From FeedbackService..... 
2023-01-01 20:53:45,646 [http-nio-9096-exec-6] INFO  c.m.f.c.FeedbackController                         -Entering Method updateFeedback in FeedbackController 
2023-01-01 20:53:45,658 [http-nio-9096-exec-6] INFO  c.m.f.s.FeedbackServiceImp                         -Updating Patient Name From FeedbackService..... 
2023-01-01 20:53:52,060 [RMI TCP Connection(16)-127.0.0.1] INFO  o.s.b.a.SpringApplicationAdminMXBeanRegistrar$SpringApplicationAdmin -Application shutdown requested. 
2023-01-01 20:53:52,085 [RMI TCP Connection(16)-127.0.0.1] INFO  o.a.c.h.Http11NioProtocol                          -Pausing ProtocolHandler ["http-nio-9096"] 
2023-01-01 20:53:52,086 [RMI TCP Connection(16)-127.0.0.1] INFO  o.a.c.c.StandardService                            -Stopping service [Tomcat] 
2023-01-01 20:53:52,089 [RMI TCP Connection(16)-127.0.0.1] INFO  o.a.c.c.C.[.[.[/]                                  -Destroying Spring FrameworkServlet 'dispatcherServlet' 
2023-01-01 20:53:52,097 [RMI TCP Connection(16)-127.0.0.1] INFO  o.a.c.h.Http11NioProtocol                          -Stopping ProtocolHandler ["http-nio-9096"] 
2023-01-01 20:53:52,104 [RMI TCP Connection(16)-127.0.0.1] INFO  o.a.c.h.Http11NioProtocol                          -Destroying ProtocolHandler ["http-nio-9096"] 
2023-01-01 20:53:52,113 [RMI TCP Connection(16)-127.0.0.1] INFO  o.s.o.j.LocalContainerEntityManagerFactoryBean     -Closing JPA EntityManagerFactory for persistence unit 'default' 
2023-01-01 20:53:52,121 [RMI TCP Connection(16)-127.0.0.1] INFO  c.z.h.HikariDataSource                             -HikariPool-1 - Shutdown initiated... 
2023-01-01 20:53:52,135 [RMI TCP Connection(16)-127.0.0.1] INFO  c.z.h.HikariDataSource                             -HikariPool-1 - Shutdown completed. 
2023-01-01 20:56:44,117 [main] INFO  o.s.b.t.c.SpringBootTestContextBootstrapper        -Neither @ContextConfiguration nor @ContextHierarchy found for test class [com.medicalservice.feedback.FeedbackmoduleApplicationTests], using SpringBootContextLoader 
2023-01-01 20:56:44,167 [main] INFO  o.s.t.c.s.AbstractContextLoader                    -Could not detect default resource locations for test class [com.medicalservice.feedback.FeedbackmoduleApplicationTests]: no resource found for suffixes {-context.xml, Context.groovy}. 
2023-01-01 20:56:44,172 [main] INFO  o.s.t.c.s.AnnotationConfigContextLoaderUtils       -Could not detect default configuration classes for test class [com.medicalservice.feedback.FeedbackmoduleApplicationTests]: FeedbackmoduleApplicationTests does not declare any static, non-private, non-final, nested classes annotated with @Configuration. 
2023-01-01 20:56:44,586 [main] INFO  o.s.b.t.c.SpringBootTestContextBootstrapper        -Found @SpringBootConfiguration com.medicalservice.feedback.FeedbackmoduleApplication for test class com.medicalservice.feedback.FeedbackmoduleApplicationTests 
2023-01-01 20:56:44,852 [main] INFO  o.s.b.t.c.SpringBootTestContextBootstrapper        -Loaded default TestExecutionListener class names from location [META-INF/spring.factories]: [org.springframework.boot.test.mock.mockito.MockitoTestExecutionListener, org.springframework.boot.test.mock.mockito.ResetMocksTestExecutionListener, org.springframework.boot.test.autoconfigure.restdocs.RestDocsTestExecutionListener, org.springframework.boot.test.autoconfigure.web.client.MockRestServiceServerResetTestExecutionListener, org.springframework.boot.test.autoconfigure.web.servlet.MockMvcPrintOnlyOnFailureTestExecutionListener, org.springframework.boot.test.autoconfigure.web.servlet.WebDriverTestExecutionListener, org.springframework.boot.test.autoconfigure.webservices.client.MockWebServiceServerTestExecutionListener, org.springframework.test.context.web.ServletTestExecutionListener, org.springframework.test.context.support.DirtiesContextBeforeModesTestExecutionListener, org.springframework.test.context.event.ApplicationEventsTestExecutionListener, org.springframework.test.context.support.DependencyInjectionTestExecutionListener, org.springframework.test.context.support.DirtiesContextTestExecutionListener, org.springframework.test.context.transaction.TransactionalTestExecutionListener, org.springframework.test.context.jdbc.SqlScriptsTestExecutionListener, org.springframework.test.context.event.EventPublishingTestExecutionListener] 
2023-01-01 20:56:44,913 [main] INFO  o.s.b.t.c.SpringBootTestContextBootstrapper        -Using TestExecutionListeners: [org.springframework.test.context.web.ServletTestExecutionListener@5d05ef57, org.springframework.test.context.support.DirtiesContextBeforeModesTestExecutionListener@213deac2, org.springframework.test.context.event.ApplicationEventsTestExecutionListener@23eee4b8, org.springframework.boot.test.mock.mockito.MockitoTestExecutionListener@28952dea, org.springframework.boot.test.autoconfigure.SpringBootDependencyInjectionTestExecutionListener@5a9800f8, org.springframework.test.context.support.DirtiesContextTestExecutionListener@143d9a93, org.springframework.test.context.transaction.TransactionalTestExecutionListener@40226788, org.springframework.test.context.jdbc.SqlScriptsTestExecutionListener@4159e81b, org.springframework.test.context.event.EventPublishingTestExecutionListener@5b5caf08, org.springframework.boot.test.mock.mockito.ResetMocksTestExecutionListener@23cd4ff2, org.springframework.boot.test.autoconfigure.restdocs.RestDocsTestExecutionListener@70807224, org.springframework.boot.test.autoconfigure.web.client.MockRestServiceServerResetTestExecutionListener@7e97551f, org.springframework.boot.test.autoconfigure.web.servlet.MockMvcPrintOnlyOnFailureTestExecutionListener@400d912a, org.springframework.boot.test.autoconfigure.web.servlet.WebDriverTestExecutionListener@9f6e406, org.springframework.boot.test.autoconfigure.webservices.client.MockWebServiceServerTestExecutionListener@7a94b64e] 
2023-01-01 20:56:46,263 [main] INFO  c.m.f.FeedbackmoduleApplicationTests               -Starting FeedbackmoduleApplicationTests using Java 17.0.5 on DESKTOP-IO5RF1D with PID 15948 (started by Komali in C:\Users\Komali\Desktop\MedicalService-System\back-end\feedbackmodule) 
2023-01-01 20:56:46,279 [main] INFO  c.m.f.FeedbackmoduleApplicationTests               -No active profile set, falling back to 1 default profile: "default" 
2023-01-01 20:56:50,209 [main] INFO  o.s.d.r.c.RepositoryConfigurationDelegate          -Bootstrapping Spring Data JPA repositories in DEFAULT mode. 
2023-01-01 20:56:50,390 [main] INFO  o.s.d.r.c.RepositoryConfigurationDelegate          -Finished Spring Data repository scanning in 150 ms. Found 1 JPA repository interfaces. 
2023-01-01 20:56:53,028 [main] INFO  o.h.j.i.u.LogHelper                                -HHH000204: Processing PersistenceUnitInfo [name: default] 
2023-01-01 20:56:53,253 [main] INFO  o.h.Version                                        -HHH000412: Hibernate ORM core version 5.6.14.Final 
2023-01-01 20:56:54,180 [main] INFO  o.h.a.c.Version                                    -HCANN000001: Hibernate Commons Annotations {5.1.2.Final} 
2023-01-01 20:56:54,866 [main] INFO  c.z.h.HikariDataSource                             -HikariPool-1 - Starting... 
2023-01-01 20:56:56,356 [main] INFO  c.z.h.HikariDataSource                             -HikariPool-1 - Start completed. 
2023-01-01 20:56:56,426 [main] INFO  o.h.d.Dialect                                      -HHH000400: Using dialect: org.hibernate.dialect.MySQL5Dialect 
2023-01-01 20:56:58,737 [main] INFO  o.h.e.t.j.p.i.JtaPlatformInitiator                 -HHH000490: Using JtaPlatform implementation: [org.hibernate.engine.transaction.jta.platform.internal.NoJtaPlatform] 
2023-01-01 20:56:58,759 [main] INFO  o.s.o.j.LocalContainerEntityManagerFactoryBean     -Initialized JPA EntityManagerFactory for persistence unit 'default' 
2023-01-01 20:57:01,038 [main] WARN  o.s.b.a.o.j.JpaBaseConfiguration$JpaWebConfiguration -spring.jpa.open-in-view is enabled by default. Therefore, database queries may be performed during view rendering. Explicitly configure spring.jpa.open-in-view to disable this warning 
2023-01-01 20:57:04,602 [main] INFO  c.m.f.FeedbackmoduleApplicationTests               -Started FeedbackmoduleApplicationTests in 19.56 seconds (JVM running for 23.775) 
2023-01-01 20:57:05,864 [main] INFO  c.m.f.s.FeedbackServiceImp                         -Adding Feedbacks From FeedbackService..... 
2023-01-01 20:57:06,304 [main] INFO  c.m.f.s.FeedbackServiceImp                         -Getting All Transactions By Feedback Id From FeedbackService..... 
2023-01-01 20:57:06,432 [main] INFO  c.m.f.s.FeedbackServiceImp                         -Updating Patient Name From FeedbackService..... 
2023-01-01 20:57:06,433 [main] INFO  c.m.f.s.FeedbackServiceImp                         -Updating Description From FeedbackService..... 
2023-01-01 20:57:06,434 [main] INFO  c.m.f.s.FeedbackServiceImp                         -Updating Solution From FeedbackService..... 
2023-01-01 20:57:06,436 [main] INFO  c.m.f.s.FeedbackServiceImp                         -Getting All Transactions By Feedback Id From FeedbackService..... 
2023-01-01 20:57:06,794 [SpringApplicationShutdownHook] INFO  o.s.o.j.LocalContainerEntityManagerFactoryBean     -Closing JPA EntityManagerFactory for persistence unit 'default' 
2023-01-01 20:57:06,805 [SpringApplicationShutdownHook] INFO  c.z.h.HikariDataSource                             -HikariPool-1 - Shutdown initiated... 
2023-01-01 20:57:06,915 [SpringApplicationShutdownHook] INFO  c.z.h.HikariDataSource                             -HikariPool-1 - Shutdown completed. 
2023-01-01 22:27:59,834 [main] INFO  o.s.b.t.c.SpringBootTestContextBootstrapper        -Neither @ContextConfiguration nor @ContextHierarchy found for test class [com.medicalservice.feedback.FeedbackmoduleApplicationTests], using SpringBootContextLoader 
2023-01-01 22:27:59,871 [main] INFO  o.s.t.c.s.AbstractContextLoader                    -Could not detect default resource locations for test class [com.medicalservice.feedback.FeedbackmoduleApplicationTests]: no resource found for suffixes {-context.xml, Context.groovy}. 
2023-01-01 22:27:59,875 [main] INFO  o.s.t.c.s.AnnotationConfigContextLoaderUtils       -Could not detect default configuration classes for test class [com.medicalservice.feedback.FeedbackmoduleApplicationTests]: FeedbackmoduleApplicationTests does not declare any static, non-private, non-final, nested classes annotated with @Configuration. 
2023-01-01 22:28:00,406 [main] INFO  o.s.b.t.c.SpringBootTestContextBootstrapper        -Found @SpringBootConfiguration com.medicalservice.feedback.FeedbackmoduleApplication for test class com.medicalservice.feedback.FeedbackmoduleApplicationTests 
2023-01-01 22:28:00,737 [main] INFO  o.s.b.t.c.SpringBootTestContextBootstrapper        -Loaded default TestExecutionListener class names from location [META-INF/spring.factories]: [org.springframework.boot.test.mock.mockito.MockitoTestExecutionListener, org.springframework.boot.test.mock.mockito.ResetMocksTestExecutionListener, org.springframework.boot.test.autoconfigure.restdocs.RestDocsTestExecutionListener, org.springframework.boot.test.autoconfigure.web.client.MockRestServiceServerResetTestExecutionListener, org.springframework.boot.test.autoconfigure.web.servlet.MockMvcPrintOnlyOnFailureTestExecutionListener, org.springframework.boot.test.autoconfigure.web.servlet.WebDriverTestExecutionListener, org.springframework.boot.test.autoconfigure.webservices.client.MockWebServiceServerTestExecutionListener, org.springframework.test.context.web.ServletTestExecutionListener, org.springframework.test.context.support.DirtiesContextBeforeModesTestExecutionListener, org.springframework.test.context.event.ApplicationEventsTestExecutionListener, org.springframework.test.context.support.DependencyInjectionTestExecutionListener, org.springframework.test.context.support.DirtiesContextTestExecutionListener, org.springframework.test.context.transaction.TransactionalTestExecutionListener, org.springframework.test.context.jdbc.SqlScriptsTestExecutionListener, org.springframework.test.context.event.EventPublishingTestExecutionListener] 
2023-01-01 22:28:00,786 [main] INFO  o.s.b.t.c.SpringBootTestContextBootstrapper        -Using TestExecutionListeners: [org.springframework.test.context.web.ServletTestExecutionListener@5d05ef57, org.springframework.test.context.support.DirtiesContextBeforeModesTestExecutionListener@213deac2, org.springframework.test.context.event.ApplicationEventsTestExecutionListener@23eee4b8, org.springframework.boot.test.mock.mockito.MockitoTestExecutionListener@28952dea, org.springframework.boot.test.autoconfigure.SpringBootDependencyInjectionTestExecutionListener@5a9800f8, org.springframework.test.context.support.DirtiesContextTestExecutionListener@143d9a93, org.springframework.test.context.transaction.TransactionalTestExecutionListener@40226788, org.springframework.test.context.jdbc.SqlScriptsTestExecutionListener@4159e81b, org.springframework.test.context.event.EventPublishingTestExecutionListener@5b5caf08, org.springframework.boot.test.mock.mockito.ResetMocksTestExecutionListener@23cd4ff2, org.springframework.boot.test.autoconfigure.restdocs.RestDocsTestExecutionListener@70807224, org.springframework.boot.test.autoconfigure.web.client.MockRestServiceServerResetTestExecutionListener@7e97551f, org.springframework.boot.test.autoconfigure.web.servlet.MockMvcPrintOnlyOnFailureTestExecutionListener@400d912a, org.springframework.boot.test.autoconfigure.web.servlet.WebDriverTestExecutionListener@9f6e406, org.springframework.boot.test.autoconfigure.webservices.client.MockWebServiceServerTestExecutionListener@7a94b64e] 
2023-01-01 22:28:02,220 [main] INFO  c.m.f.FeedbackmoduleApplicationTests               -Starting FeedbackmoduleApplicationTests using Java 17.0.5 on DESKTOP-IO5RF1D with PID 14468 (started by Komali in C:\Users\Komali\Desktop\MedicalService-System\back-end\feedbackmodule) 
2023-01-01 22:28:02,242 [main] INFO  c.m.f.FeedbackmoduleApplicationTests               -No active profile set, falling back to 1 default profile: "default" 
2023-01-01 22:28:06,112 [main] INFO  o.s.d.r.c.RepositoryConfigurationDelegate          -Bootstrapping Spring Data JPA repositories in DEFAULT mode. 
2023-01-01 22:28:06,396 [main] INFO  o.s.d.r.c.RepositoryConfigurationDelegate          -Finished Spring Data repository scanning in 218 ms. Found 1 JPA repository interfaces. 
2023-01-01 22:28:08,896 [main] INFO  o.h.j.i.u.LogHelper                                -HHH000204: Processing PersistenceUnitInfo [name: default] 
2023-01-01 22:28:09,189 [main] INFO  o.h.Version                                        -HHH000412: Hibernate ORM core version 5.6.14.Final 
2023-01-01 22:28:09,877 [main] INFO  o.h.a.c.Version                                    -HCANN000001: Hibernate Commons Annotations {5.1.2.Final} 
2023-01-01 22:28:10,429 [main] INFO  c.z.h.HikariDataSource                             -HikariPool-1 - Starting... 
2023-01-01 22:28:11,756 [main] INFO  c.z.h.HikariDataSource                             -HikariPool-1 - Start completed. 
2023-01-01 22:28:11,837 [main] INFO  o.h.d.Dialect                                      -HHH000400: Using dialect: org.hibernate.dialect.MySQL5Dialect 
2023-01-01 22:28:14,238 [main] INFO  o.h.e.t.j.p.i.JtaPlatformInitiator                 -HHH000490: Using JtaPlatform implementation: [org.hibernate.engine.transaction.jta.platform.internal.NoJtaPlatform] 
2023-01-01 22:28:14,261 [main] INFO  o.s.o.j.LocalContainerEntityManagerFactoryBean     -Initialized JPA EntityManagerFactory for persistence unit 'default' 
2023-01-01 22:28:16,951 [main] WARN  o.s.b.a.o.j.JpaBaseConfiguration$JpaWebConfiguration -spring.jpa.open-in-view is enabled by default. Therefore, database queries may be performed during view rendering. Explicitly configure spring.jpa.open-in-view to disable this warning 
2023-01-01 22:28:21,038 [main] INFO  c.m.f.FeedbackmoduleApplicationTests               -Started FeedbackmoduleApplicationTests in 20.084 seconds (JVM running for 24.815) 
2023-01-01 22:28:22,634 [main] INFO  c.m.f.s.FeedbackServiceImp                         -Adding Feedbacks From FeedbackService..... 
2023-01-01 22:28:22,732 [main] INFO  c.m.f.s.FeedbackServiceImp                         -Getting All Transactions By Feedback Id From FeedbackService..... 
2023-01-01 22:28:22,793 [main] INFO  c.m.f.s.FeedbackServiceImp                         -Updating Patient Name From FeedbackService..... 
2023-01-01 22:28:22,795 [main] INFO  c.m.f.s.FeedbackServiceImp                         -Updating Description From FeedbackService..... 
2023-01-01 22:28:22,796 [main] INFO  c.m.f.s.FeedbackServiceImp                         -Updating Solution From FeedbackService..... 
2023-01-01 22:28:22,798 [main] INFO  c.m.f.s.FeedbackServiceImp                         -Getting All Transactions By Feedback Id From FeedbackService..... 
2023-01-01 22:28:22,954 [SpringApplicationShutdownHook] INFO  o.s.o.j.LocalContainerEntityManagerFactoryBean     -Closing JPA EntityManagerFactory for persistence unit 'default' 
2023-01-01 22:28:22,959 [SpringApplicationShutdownHook] INFO  c.z.h.HikariDataSource                             -HikariPool-1 - Shutdown initiated... 
2023-01-01 22:28:23,008 [SpringApplicationShutdownHook] INFO  c.z.h.HikariDataSource                             -HikariPool-1 - Shutdown completed. 
2023-01-01 22:28:41,118 [restartedMain] INFO  c.m.f.FeedbackmoduleApplication                    -Starting FeedbackmoduleApplication using Java 17.0.5 on DESKTOP-IO5RF1D with PID 9940 (C:\Users\Komali\Desktop\MedicalService-System\back-end\feedbackmodule\target\classes started by Komali in C:\Users\Komali\Desktop\MedicalService-System\back-end\feedbackmodule) 
2023-01-01 22:28:41,157 [restartedMain] INFO  c.m.f.FeedbackmoduleApplication                    -No active profile set, falling back to 1 default profile: "default" 
2023-01-01 22:28:41,291 [restartedMain] INFO  o.s.b.d.e.DevToolsPropertyDefaultsPostProcessor    -Devtools property defaults active! Set 'spring.devtools.add-properties' to 'false' to disable 
2023-01-01 22:28:41,292 [restartedMain] INFO  o.s.b.d.e.DevToolsPropertyDefaultsPostProcessor    -For additional web related logging consider setting the 'logging.level.web' property to 'DEBUG' 
2023-01-01 22:28:43,337 [restartedMain] INFO  o.s.d.r.c.RepositoryConfigurationDelegate          -Bootstrapping Spring Data JPA repositories in DEFAULT mode. 
2023-01-01 22:28:43,456 [restartedMain] INFO  o.s.d.r.c.RepositoryConfigurationDelegate          -Finished Spring Data repository scanning in 101 ms. Found 1 JPA repository interfaces. 
2023-01-01 22:28:44,888 [restartedMain] INFO  o.s.b.w.e.t.TomcatWebServer                        -Tomcat initialized with port(s): 9096 (http) 
2023-01-01 22:28:44,909 [restartedMain] INFO  o.a.c.h.Http11NioProtocol                          -Initializing ProtocolHandler ["http-nio-9096"] 
2023-01-01 22:28:44,914 [restartedMain] INFO  o.a.c.c.StandardService                            -Starting service [Tomcat] 
2023-01-01 22:28:44,919 [restartedMain] INFO  o.a.c.c.StandardEngine                             -Starting Servlet engine: [Apache Tomcat/9.0.70] 
2023-01-01 22:28:45,105 [restartedMain] INFO  o.a.c.c.C.[.[.[/]                                  -Initializing Spring embedded WebApplicationContext 
2023-01-01 22:28:45,106 [restartedMain] INFO  o.s.b.w.s.c.ServletWebServerApplicationContext     -Root WebApplicationContext: initialization completed in 3813 ms 
2023-01-01 22:28:45,412 [restartedMain] INFO  o.h.j.i.u.LogHelper                                -HHH000204: Processing PersistenceUnitInfo [name: default] 
2023-01-01 22:28:45,526 [restartedMain] INFO  o.h.Version                                        -HHH000412: Hibernate ORM core version 5.6.14.Final 
2023-01-01 22:28:45,880 [restartedMain] INFO  o.h.a.c.Version                                    -HCANN000001: Hibernate Commons Annotations {5.1.2.Final} 
2023-01-01 22:28:46,106 [restartedMain] INFO  c.z.h.HikariDataSource                             -HikariPool-1 - Starting... 
2023-01-01 22:28:46,720 [restartedMain] INFO  c.z.h.HikariDataSource                             -HikariPool-1 - Start completed. 
2023-01-01 22:28:46,752 [restartedMain] INFO  o.h.d.Dialect                                      -HHH000400: Using dialect: org.hibernate.dialect.MySQL5Dialect 
2023-01-01 22:28:48,048 [restartedMain] INFO  o.h.e.t.j.p.i.JtaPlatformInitiator                 -HHH000490: Using JtaPlatform implementation: [org.hibernate.engine.transaction.jta.platform.internal.NoJtaPlatform] 
2023-01-01 22:28:48,065 [restartedMain] INFO  o.s.o.j.LocalContainerEntityManagerFactoryBean     -Initialized JPA EntityManagerFactory for persistence unit 'default' 
2023-01-01 22:28:49,039 [restartedMain] WARN  o.s.b.a.o.j.JpaBaseConfiguration$JpaWebConfiguration -spring.jpa.open-in-view is enabled by default. Therefore, database queries may be performed during view rendering. Explicitly configure spring.jpa.open-in-view to disable this warning 
2023-01-01 22:28:49,544 [restartedMain] INFO  o.s.b.d.a.OptionalLiveReloadServer                 -LiveReload server is running on port 35729 
2023-01-01 22:28:49,846 [restartedMain] INFO  o.a.c.h.Http11NioProtocol                          -Starting ProtocolHandler ["http-nio-9096"] 
2023-01-01 22:28:49,883 [restartedMain] INFO  o.s.b.w.e.t.TomcatWebServer                        -Tomcat started on port(s): 9096 (http) with context path '' 
2023-01-01 22:28:50,275 [restartedMain] INFO  c.m.f.FeedbackmoduleApplication                    -Started FeedbackmoduleApplication in 10.133 seconds (JVM running for 12.784) 
2023-01-01 22:31:03,393 [http-nio-9096-exec-1] INFO  o.a.c.c.C.[.[.[/]                                  -Initializing Spring DispatcherServlet 'dispatcherServlet' 
2023-01-01 22:31:03,394 [http-nio-9096-exec-1] INFO  o.s.w.s.DispatcherServlet                          -Initializing Servlet 'dispatcherServlet' 
2023-01-01 22:31:03,401 [http-nio-9096-exec-1] INFO  o.s.w.s.DispatcherServlet                          -Completed initialization in 6 ms 
2023-01-01 22:32:00,865 [http-nio-9096-exec-4] INFO  c.m.f.c.FeedbackController                         -Entering Method addFeedback in FeedbackController 
2023-01-01 22:32:00,866 [http-nio-9096-exec-4] INFO  c.m.f.s.FeedbackServiceImp                         -Adding Feedbacks From FeedbackService..... 
2023-01-01 22:33:35,762 [RMI TCP Connection(13)-127.0.0.1] INFO  o.s.b.a.SpringApplicationAdminMXBeanRegistrar$SpringApplicationAdmin -Application shutdown requested. 
2023-01-01 22:33:35,786 [RMI TCP Connection(13)-127.0.0.1] INFO  o.a.c.h.Http11NioProtocol                          -Pausing ProtocolHandler ["http-nio-9096"] 
2023-01-01 22:33:35,788 [RMI TCP Connection(13)-127.0.0.1] INFO  o.a.c.c.StandardService                            -Stopping service [Tomcat] 
2023-01-01 22:33:35,791 [RMI TCP Connection(13)-127.0.0.1] INFO  o.a.c.c.C.[.[.[/]                                  -Destroying Spring FrameworkServlet 'dispatcherServlet' 
2023-01-01 22:33:35,797 [RMI TCP Connection(13)-127.0.0.1] INFO  o.a.c.h.Http11NioProtocol                          -Stopping ProtocolHandler ["http-nio-9096"] 
2023-01-01 22:33:35,802 [RMI TCP Connection(13)-127.0.0.1] INFO  o.a.c.h.Http11NioProtocol                          -Destroying ProtocolHandler ["http-nio-9096"] 
2023-01-01 22:33:35,811 [RMI TCP Connection(13)-127.0.0.1] INFO  o.s.o.j.LocalContainerEntityManagerFactoryBean     -Closing JPA EntityManagerFactory for persistence unit 'default' 
2023-01-01 22:33:35,819 [RMI TCP Connection(13)-127.0.0.1] INFO  c.z.h.HikariDataSource                             -HikariPool-1 - Shutdown initiated... 
2023-01-01 22:33:35,838 [RMI TCP Connection(13)-127.0.0.1] INFO  c.z.h.HikariDataSource                             -HikariPool-1 - Shutdown completed. 
2023-01-01 22:51:51,940 [main] INFO  o.s.b.t.c.SpringBootTestContextBootstrapper        -Neither @ContextConfiguration nor @ContextHierarchy found for test class [com.medicalservice.feedback.FeedbackmoduleApplicationTests], using SpringBootContextLoader 
2023-01-01 22:51:51,980 [main] INFO  o.s.t.c.s.AbstractContextLoader                    -Could not detect default resource locations for test class [com.medicalservice.feedback.FeedbackmoduleApplicationTests]: no resource found for suffixes {-context.xml, Context.groovy}. 
2023-01-01 22:51:51,983 [main] INFO  o.s.t.c.s.AnnotationConfigContextLoaderUtils       -Could not detect default configuration classes for test class [com.medicalservice.feedback.FeedbackmoduleApplicationTests]: FeedbackmoduleApplicationTests does not declare any static, non-private, non-final, nested classes annotated with @Configuration. 
2023-01-01 22:51:52,375 [main] INFO  o.s.b.t.c.SpringBootTestContextBootstrapper        -Found @SpringBootConfiguration com.medicalservice.feedback.FeedbackmoduleApplication for test class com.medicalservice.feedback.FeedbackmoduleApplicationTests 
2023-01-01 22:51:52,661 [main] INFO  o.s.b.t.c.SpringBootTestContextBootstrapper        -Loaded default TestExecutionListener class names from location [META-INF/spring.factories]: [org.springframework.boot.test.mock.mockito.MockitoTestExecutionListener, org.springframework.boot.test.mock.mockito.ResetMocksTestExecutionListener, org.springframework.boot.test.autoconfigure.restdocs.RestDocsTestExecutionListener, org.springframework.boot.test.autoconfigure.web.client.MockRestServiceServerResetTestExecutionListener, org.springframework.boot.test.autoconfigure.web.servlet.MockMvcPrintOnlyOnFailureTestExecutionListener, org.springframework.boot.test.autoconfigure.web.servlet.WebDriverTestExecutionListener, org.springframework.boot.test.autoconfigure.webservices.client.MockWebServiceServerTestExecutionListener, org.springframework.test.context.web.ServletTestExecutionListener, org.springframework.test.context.support.DirtiesContextBeforeModesTestExecutionListener, org.springframework.test.context.event.ApplicationEventsTestExecutionListener, org.springframework.test.context.support.DependencyInjectionTestExecutionListener, org.springframework.test.context.support.DirtiesContextTestExecutionListener, org.springframework.test.context.transaction.TransactionalTestExecutionListener, org.springframework.test.context.jdbc.SqlScriptsTestExecutionListener, org.springframework.test.context.event.EventPublishingTestExecutionListener] 
2023-01-01 22:51:52,705 [main] INFO  o.s.b.t.c.SpringBootTestContextBootstrapper        -Using TestExecutionListeners: [org.springframework.test.context.web.ServletTestExecutionListener@28952dea, org.springframework.test.context.support.DirtiesContextBeforeModesTestExecutionListener@5a9800f8, org.springframework.test.context.event.ApplicationEventsTestExecutionListener@143d9a93, org.springframework.boot.test.mock.mockito.MockitoTestExecutionListener@40226788, org.springframework.boot.test.autoconfigure.SpringBootDependencyInjectionTestExecutionListener@4159e81b, org.springframework.test.context.support.DirtiesContextTestExecutionListener@5b5caf08, org.springframework.test.context.transaction.TransactionalTestExecutionListener@23cd4ff2, org.springframework.test.context.jdbc.SqlScriptsTestExecutionListener@70807224, org.springframework.test.context.event.EventPublishingTestExecutionListener@7e97551f, org.springframework.boot.test.mock.mockito.ResetMocksTestExecutionListener@400d912a, org.springframework.boot.test.autoconfigure.restdocs.RestDocsTestExecutionListener@9f6e406, org.springframework.boot.test.autoconfigure.web.client.MockRestServiceServerResetTestExecutionListener@7a94b64e, org.springframework.boot.test.autoconfigure.web.servlet.MockMvcPrintOnlyOnFailureTestExecutionListener@3e6f3bae, org.springframework.boot.test.autoconfigure.web.servlet.WebDriverTestExecutionListener@12477988, org.springframework.boot.test.autoconfigure.webservices.client.MockWebServiceServerTestExecutionListener@2caf6912] 
2023-01-01 22:51:54,380 [main] INFO  c.m.f.FeedbackmoduleApplicationTests               -Starting FeedbackmoduleApplicationTests using Java 17.0.5 on DESKTOP-IO5RF1D with PID 16632 (started by Komali in C:\Users\Komali\Desktop\MedicalService-System\back-end\feedbackmodule) 
2023-01-01 22:51:54,399 [main] INFO  c.m.f.FeedbackmoduleApplicationTests               -No active profile set, falling back to 1 default profile: "default" 
2023-01-01 22:51:58,871 [main] INFO  o.s.d.r.c.RepositoryConfigurationDelegate          -Bootstrapping Spring Data JPA repositories in DEFAULT mode. 
2023-01-01 22:51:59,114 [main] INFO  o.s.d.r.c.RepositoryConfigurationDelegate          -Finished Spring Data repository scanning in 204 ms. Found 1 JPA repository interfaces. 
2023-01-01 22:52:02,124 [main] INFO  o.h.j.i.u.LogHelper                                -HHH000204: Processing PersistenceUnitInfo [name: default] 
2023-01-01 22:52:02,478 [main] INFO  o.h.Version                                        -HHH000412: Hibernate ORM core version 5.6.14.Final 
2023-01-01 22:52:03,362 [main] INFO  o.h.a.c.Version                                    -HCANN000001: Hibernate Commons Annotations {5.1.2.Final} 
2023-01-01 22:52:04,238 [main] INFO  c.z.h.HikariDataSource                             -HikariPool-1 - Starting... 
2023-01-01 22:52:05,690 [main] INFO  c.z.h.HikariDataSource                             -HikariPool-1 - Start completed. 
2023-01-01 22:52:05,824 [main] INFO  o.h.d.Dialect                                      -HHH000400: Using dialect: org.hibernate.dialect.MySQL5Dialect 
2023-01-01 22:52:08,676 [main] INFO  o.h.e.t.j.p.i.JtaPlatformInitiator                 -HHH000490: Using JtaPlatform implementation: [org.hibernate.engine.transaction.jta.platform.internal.NoJtaPlatform] 
2023-01-01 22:52:08,699 [main] INFO  o.s.o.j.LocalContainerEntityManagerFactoryBean     -Initialized JPA EntityManagerFactory for persistence unit 'default' 
2023-01-01 22:52:12,099 [main] WARN  o.s.b.a.o.j.JpaBaseConfiguration$JpaWebConfiguration -spring.jpa.open-in-view is enabled by default. Therefore, database queries may be performed during view rendering. Explicitly configure spring.jpa.open-in-view to disable this warning 
2023-01-01 22:52:19,438 [main] INFO  c.m.f.FeedbackmoduleApplicationTests               -Started FeedbackmoduleApplicationTests in 26.563 seconds (JVM running for 32.619) 
2023-01-01 22:52:21,333 [main] INFO  c.m.f.s.FeedbackServiceImp                         -Getting All Feedbacks From FeedbackService..... 
2023-01-01 22:52:21,454 [main] INFO  c.m.f.s.FeedbackServiceImp                         -Adding Feedbacks From FeedbackService..... 
2023-01-01 22:52:21,491 [main] INFO  c.m.f.s.FeedbackServiceImp                         -Getting All Transactions By Feedback Id From FeedbackService..... 
2023-01-01 22:52:21,626 [main] INFO  c.m.f.s.FeedbackServiceImp                         -Updating Patient Name From FeedbackService..... 
2023-01-01 22:52:21,627 [main] INFO  c.m.f.s.FeedbackServiceImp                         -Updating Description From FeedbackService..... 
2023-01-01 22:52:21,629 [main] INFO  c.m.f.s.FeedbackServiceImp                         -Updating Solution From FeedbackService..... 
2023-01-01 22:52:21,630 [main] INFO  c.m.f.s.FeedbackServiceImp                         -Getting All Transactions By Feedback Id From FeedbackService..... 
2023-01-01 22:52:21,962 [SpringApplicationShutdownHook] INFO  o.s.o.j.LocalContainerEntityManagerFactoryBean     -Closing JPA EntityManagerFactory for persistence unit 'default' 
2023-01-01 22:52:21,973 [SpringApplicationShutdownHook] INFO  c.z.h.HikariDataSource                             -HikariPool-1 - Shutdown initiated... 
2023-01-01 22:52:22,056 [SpringApplicationShutdownHook] INFO  c.z.h.HikariDataSource                             -HikariPool-1 - Shutdown completed. 
2023-01-01 22:57:33,325 [main] INFO  o.s.b.t.c.SpringBootTestContextBootstrapper        -Neither @ContextConfiguration nor @ContextHierarchy found for test class [com.medicalservice.feedback.FeedbackmoduleApplicationTests], using SpringBootContextLoader 
2023-01-01 22:57:33,384 [main] INFO  o.s.t.c.s.AbstractContextLoader                    -Could not detect default resource locations for test class [com.medicalservice.feedback.FeedbackmoduleApplicationTests]: no resource found for suffixes {-context.xml, Context.groovy}. 
2023-01-01 22:57:33,386 [main] INFO  o.s.t.c.s.AnnotationConfigContextLoaderUtils       -Could not detect default configuration classes for test class [com.medicalservice.feedback.FeedbackmoduleApplicationTests]: FeedbackmoduleApplicationTests does not declare any static, non-private, non-final, nested classes annotated with @Configuration. 
2023-01-01 22:57:33,744 [main] INFO  o.s.b.t.c.SpringBootTestContextBootstrapper        -Found @SpringBootConfiguration com.medicalservice.feedback.FeedbackmoduleApplication for test class com.medicalservice.feedback.FeedbackmoduleApplicationTests 
2023-01-01 22:57:34,100 [main] INFO  o.s.b.t.c.SpringBootTestContextBootstrapper        -Loaded default TestExecutionListener class names from location [META-INF/spring.factories]: [org.springframework.boot.test.mock.mockito.MockitoTestExecutionListener, org.springframework.boot.test.mock.mockito.ResetMocksTestExecutionListener, org.springframework.boot.test.autoconfigure.restdocs.RestDocsTestExecutionListener, org.springframework.boot.test.autoconfigure.web.client.MockRestServiceServerResetTestExecutionListener, org.springframework.boot.test.autoconfigure.web.servlet.MockMvcPrintOnlyOnFailureTestExecutionListener, org.springframework.boot.test.autoconfigure.web.servlet.WebDriverTestExecutionListener, org.springframework.boot.test.autoconfigure.webservices.client.MockWebServiceServerTestExecutionListener, org.springframework.test.context.web.ServletTestExecutionListener, org.springframework.test.context.support.DirtiesContextBeforeModesTestExecutionListener, org.springframework.test.context.event.ApplicationEventsTestExecutionListener, org.springframework.test.context.support.DependencyInjectionTestExecutionListener, org.springframework.test.context.support.DirtiesContextTestExecutionListener, org.springframework.test.context.transaction.TransactionalTestExecutionListener, org.springframework.test.context.jdbc.SqlScriptsTestExecutionListener, org.springframework.test.context.event.EventPublishingTestExecutionListener] 
2023-01-01 22:57:34,175 [main] INFO  o.s.b.t.c.SpringBootTestContextBootstrapper        -Using TestExecutionListeners: [org.springframework.test.context.web.ServletTestExecutionListener@695a69a1, org.springframework.test.context.support.DirtiesContextBeforeModesTestExecutionListener@4b1abd11, org.springframework.test.context.event.ApplicationEventsTestExecutionListener@3f36b447, org.springframework.boot.test.mock.mockito.MockitoTestExecutionListener@6443b128, org.springframework.boot.test.autoconfigure.SpringBootDependencyInjectionTestExecutionListener@5eeedb60, org.springframework.test.context.support.DirtiesContextTestExecutionListener@40021799, org.springframework.test.context.transaction.TransactionalTestExecutionListener@4a1c0752, org.springframework.test.context.jdbc.SqlScriptsTestExecutionListener@332f25c8, org.springframework.test.context.event.EventPublishingTestExecutionListener@1b32cd16, org.springframework.boot.test.mock.mockito.ResetMocksTestExecutionListener@4bdcaf36, org.springframework.boot.test.autoconfigure.restdocs.RestDocsTestExecutionListener@61d01788, org.springframework.boot.test.autoconfigure.web.client.MockRestServiceServerResetTestExecutionListener@2b9b7f1f, org.springframework.boot.test.autoconfigure.web.servlet.MockMvcPrintOnlyOnFailureTestExecutionListener@264c5d07, org.springframework.boot.test.autoconfigure.web.servlet.WebDriverTestExecutionListener@847f3e7, org.springframework.boot.test.autoconfigure.webservices.client.MockWebServiceServerTestExecutionListener@69cac930] 
2023-01-01 22:57:36,118 [main] INFO  c.m.f.FeedbackmoduleApplicationTests               -Starting FeedbackmoduleApplicationTests using Java 17.0.5 on DESKTOP-IO5RF1D with PID 8524 (started by Komali in C:\Users\Komali\Desktop\MedicalService-System\back-end\feedbackmodule) 
2023-01-01 22:57:36,131 [main] INFO  c.m.f.FeedbackmoduleApplicationTests               -No active profile set, falling back to 1 default profile: "default" 
2023-01-01 22:57:41,263 [main] INFO  o.s.d.r.c.RepositoryConfigurationDelegate          -Bootstrapping Spring Data JPA repositories in DEFAULT mode. 
2023-01-01 22:57:41,605 [main] INFO  o.s.d.r.c.RepositoryConfigurationDelegate          -Finished Spring Data repository scanning in 290 ms. Found 1 JPA repository interfaces. 
2023-01-01 22:57:44,181 [main] INFO  o.h.j.i.u.LogHelper                                -HHH000204: Processing PersistenceUnitInfo [name: default] 
2023-01-01 22:57:44,459 [main] INFO  o.h.Version                                        -HHH000412: Hibernate ORM core version 5.6.14.Final 
2023-01-01 22:57:45,430 [main] INFO  o.h.a.c.Version                                    -HCANN000001: Hibernate Commons Annotations {5.1.2.Final} 
2023-01-01 22:57:45,962 [main] INFO  c.z.h.HikariDataSource                             -HikariPool-1 - Starting... 
2023-01-01 22:57:47,304 [main] INFO  c.z.h.HikariDataSource                             -HikariPool-1 - Start completed. 
2023-01-01 22:57:47,400 [main] INFO  o.h.d.Dialect                                      -HHH000400: Using dialect: org.hibernate.dialect.MySQL5Dialect 
2023-01-01 22:57:50,124 [main] INFO  o.h.e.t.j.p.i.JtaPlatformInitiator                 -HHH000490: Using JtaPlatform implementation: [org.hibernate.engine.transaction.jta.platform.internal.NoJtaPlatform] 
2023-01-01 22:57:50,147 [main] INFO  o.s.o.j.LocalContainerEntityManagerFactoryBean     -Initialized JPA EntityManagerFactory for persistence unit 'default' 
2023-01-01 22:57:54,587 [main] WARN  o.s.b.a.o.j.JpaBaseConfiguration$JpaWebConfiguration -spring.jpa.open-in-view is enabled by default. Therefore, database queries may be performed during view rendering. Explicitly configure spring.jpa.open-in-view to disable this warning 
2023-01-01 22:57:59,969 [main] INFO  c.m.f.FeedbackmoduleApplicationTests               -Started FeedbackmoduleApplicationTests in 25.549 seconds (JVM running for 30.464) 
2023-01-01 22:58:01,531 [main] INFO  c.m.f.s.FeedbackServiceImp                         -Getting All Feedbacks From FeedbackService..... 
2023-01-01 22:58:01,650 [main] INFO  c.m.f.s.FeedbackServiceImp                         -Adding Feedbacks From FeedbackService..... 
2023-01-01 22:58:01,689 [main] INFO  c.m.f.s.FeedbackServiceImp                         -Getting All Transactions By Feedback Id From FeedbackService..... 
2023-01-01 22:58:01,828 [main] INFO  c.m.f.s.FeedbackServiceImp                         -Updating Patient Name From FeedbackService..... 
2023-01-01 22:58:01,829 [main] INFO  c.m.f.s.FeedbackServiceImp                         -Updating Description From FeedbackService..... 
2023-01-01 22:58:01,846 [main] INFO  c.m.f.s.FeedbackServiceImp                         -Updating Solution From FeedbackService..... 
2023-01-01 22:58:01,848 [main] INFO  c.m.f.s.FeedbackServiceImp                         -Getting All Transactions By Feedback Id From FeedbackService..... 
2023-01-01 22:58:02,061 [SpringApplicationShutdownHook] INFO  o.s.o.j.LocalContainerEntityManagerFactoryBean     -Closing JPA EntityManagerFactory for persistence unit 'default' 
2023-01-01 22:58:02,080 [SpringApplicationShutdownHook] INFO  c.z.h.HikariDataSource                             -HikariPool-1 - Shutdown initiated... 
2023-01-01 22:58:02,295 [SpringApplicationShutdownHook] INFO  c.z.h.HikariDataSource                             -HikariPool-1 - Shutdown completed. 
2023-01-01 23:10:21,678 [restartedMain] INFO  c.m.f.FeedbackmoduleApplication                    -Starting FeedbackmoduleApplication using Java 17.0.5 on DESKTOP-IO5RF1D with PID 1296 (C:\Users\Komali\Desktop\MedicalService-System\back-end\feedbackmodule\target\classes started by Komali in C:\Users\Komali\Desktop\MedicalService-System\back-end\feedbackmodule) 
2023-01-01 23:10:21,710 [restartedMain] INFO  c.m.f.FeedbackmoduleApplication                    -No active profile set, falling back to 1 default profile: "default" 
2023-01-01 23:10:21,818 [restartedMain] INFO  o.s.b.d.e.DevToolsPropertyDefaultsPostProcessor    -Devtools property defaults active! Set 'spring.devtools.add-properties' to 'false' to disable 
2023-01-01 23:10:21,819 [restartedMain] INFO  o.s.b.d.e.DevToolsPropertyDefaultsPostProcessor    -For additional web related logging consider setting the 'logging.level.web' property to 'DEBUG' 
2023-01-01 23:10:23,588 [restartedMain] INFO  o.s.d.r.c.RepositoryConfigurationDelegate          -Bootstrapping Spring Data JPA repositories in DEFAULT mode. 
2023-01-01 23:10:23,694 [restartedMain] INFO  o.s.d.r.c.RepositoryConfigurationDelegate          -Finished Spring Data repository scanning in 87 ms. Found 1 JPA repository interfaces. 
2023-01-01 23:10:25,059 [restartedMain] INFO  o.s.b.w.e.t.TomcatWebServer                        -Tomcat initialized with port(s): 9096 (http) 
2023-01-01 23:10:25,078 [restartedMain] INFO  o.a.c.h.Http11NioProtocol                          -Initializing ProtocolHandler ["http-nio-9096"] 
2023-01-01 23:10:25,080 [restartedMain] INFO  o.a.c.c.StandardService                            -Starting service [Tomcat] 
2023-01-01 23:10:25,082 [restartedMain] INFO  o.a.c.c.StandardEngine                             -Starting Servlet engine: [Apache Tomcat/9.0.70] 
2023-01-01 23:10:25,330 [restartedMain] INFO  o.a.c.c.C.[.[.[/]                                  -Initializing Spring embedded WebApplicationContext 
2023-01-01 23:10:25,331 [restartedMain] INFO  o.s.b.w.s.c.ServletWebServerApplicationContext     -Root WebApplicationContext: initialization completed in 3510 ms 
2023-01-01 23:10:25,659 [restartedMain] INFO  o.h.j.i.u.LogHelper                                -HHH000204: Processing PersistenceUnitInfo [name: default] 
2023-01-01 23:10:25,793 [restartedMain] INFO  o.h.Version                                        -HHH000412: Hibernate ORM core version 5.6.14.Final 
2023-01-01 23:10:26,174 [restartedMain] INFO  o.h.a.c.Version                                    -HCANN000001: Hibernate Commons Annotations {5.1.2.Final} 
2023-01-01 23:10:26,447 [restartedMain] INFO  c.z.h.HikariDataSource                             -HikariPool-1 - Starting... 
2023-01-01 23:10:27,136 [restartedMain] INFO  c.z.h.HikariDataSource                             -HikariPool-1 - Start completed. 
2023-01-01 23:10:27,177 [restartedMain] INFO  o.h.d.Dialect                                      -HHH000400: Using dialect: org.hibernate.dialect.MySQL5Dialect 
2023-01-01 23:10:28,781 [restartedMain] INFO  o.h.e.t.j.p.i.JtaPlatformInitiator                 -HHH000490: Using JtaPlatform implementation: [org.hibernate.engine.transaction.jta.platform.internal.NoJtaPlatform] 
2023-01-01 23:10:28,804 [restartedMain] INFO  o.s.o.j.LocalContainerEntityManagerFactoryBean     -Initialized JPA EntityManagerFactory for persistence unit 'default' 
2023-01-01 23:10:29,924 [restartedMain] WARN  o.s.b.a.o.j.JpaBaseConfiguration$JpaWebConfiguration -spring.jpa.open-in-view is enabled by default. Therefore, database queries may be performed during view rendering. Explicitly configure spring.jpa.open-in-view to disable this warning 
2023-01-01 23:10:30,490 [restartedMain] INFO  o.s.b.d.a.OptionalLiveReloadServer                 -LiveReload server is running on port 35729 
2023-01-01 23:10:30,838 [restartedMain] INFO  o.a.c.h.Http11NioProtocol                          -Starting ProtocolHandler ["http-nio-9096"] 
2023-01-01 23:10:30,878 [restartedMain] INFO  o.s.b.w.e.t.TomcatWebServer                        -Tomcat started on port(s): 9096 (http) with context path '' 
2023-01-01 23:10:31,325 [restartedMain] INFO  c.m.f.FeedbackmoduleApplication                    -Started FeedbackmoduleApplication in 10.377 seconds (JVM running for 12.987) 
2023-01-01 23:10:56,982 [http-nio-9096-exec-1] INFO  o.a.c.c.C.[.[.[/]                                  -Initializing Spring DispatcherServlet 'dispatcherServlet' 
2023-01-01 23:10:56,982 [http-nio-9096-exec-1] INFO  o.s.w.s.DispatcherServlet                          -Initializing Servlet 'dispatcherServlet' 
2023-01-01 23:10:56,986 [http-nio-9096-exec-1] INFO  o.s.w.s.DispatcherServlet                          -Completed initialization in 3 ms 
2023-01-01 23:10:57,054 [http-nio-9096-exec-1] INFO  c.m.f.c.FeedbackController                         -Entering Method getAllFeedbacks in FeedbackController 
2023-01-01 23:10:57,054 [http-nio-9096-exec-1] INFO  c.m.f.s.FeedbackServiceImp                         -Getting All Feedbacks From FeedbackService..... 
2023-01-01 23:11:22,598 [http-nio-9096-exec-2] INFO  c.m.f.c.FeedbackController                         -Entering Method getAllFeedbacks in FeedbackController 
2023-01-01 23:11:22,599 [http-nio-9096-exec-2] INFO  c.m.f.s.FeedbackServiceImp                         -Getting All Feedbacks From FeedbackService..... 
2023-01-01 23:11:37,371 [http-nio-9096-exec-4] INFO  c.m.f.c.FeedbackController                         -Entering Method addFeedback in FeedbackController 
2023-01-01 23:11:37,371 [http-nio-9096-exec-4] INFO  c.m.f.s.FeedbackServiceImp                         -Adding Feedbacks From FeedbackService..... 
2023-01-01 23:11:47,964 [http-nio-9096-exec-6] INFO  c.m.f.c.FeedbackController                         -Entering Method addFeedback in FeedbackController 
2023-01-01 23:11:47,965 [http-nio-9096-exec-6] INFO  c.m.f.s.FeedbackServiceImp                         -Adding Feedbacks From FeedbackService..... 
2023-01-01 23:11:59,283 [http-nio-9096-exec-5] INFO  c.m.f.c.FeedbackController                         -Entering Method getAllFeedbacks in FeedbackController 
2023-01-01 23:11:59,284 [http-nio-9096-exec-5] INFO  c.m.f.s.FeedbackServiceImp                         -Getting All Feedbacks From FeedbackService..... 
2023-01-01 23:12:20,124 [RMI TCP Connection(8)-127.0.0.1] INFO  o.s.b.a.SpringApplicationAdminMXBeanRegistrar$SpringApplicationAdmin -Application shutdown requested. 
2023-01-01 23:12:20,149 [RMI TCP Connection(8)-127.0.0.1] INFO  o.a.c.h.Http11NioProtocol                          -Pausing ProtocolHandler ["http-nio-9096"] 
2023-01-01 23:12:20,150 [RMI TCP Connection(8)-127.0.0.1] INFO  o.a.c.c.StandardService                            -Stopping service [Tomcat] 
2023-01-01 23:12:20,152 [RMI TCP Connection(8)-127.0.0.1] INFO  o.a.c.c.C.[.[.[/]                                  -Destroying Spring FrameworkServlet 'dispatcherServlet' 
2023-01-01 23:12:20,161 [RMI TCP Connection(8)-127.0.0.1] INFO  o.a.c.h.Http11NioProtocol                          -Stopping ProtocolHandler ["http-nio-9096"] 
2023-01-01 23:12:20,166 [RMI TCP Connection(8)-127.0.0.1] INFO  o.a.c.h.Http11NioProtocol                          -Destroying ProtocolHandler ["http-nio-9096"] 
2023-01-01 23:12:20,178 [RMI TCP Connection(8)-127.0.0.1] INFO  o.s.o.j.LocalContainerEntityManagerFactoryBean     -Closing JPA EntityManagerFactory for persistence unit 'default' 
2023-01-01 23:12:20,183 [RMI TCP Connection(8)-127.0.0.1] INFO  c.z.h.HikariDataSource                             -HikariPool-1 - Shutdown initiated... 
2023-01-01 23:12:20,200 [RMI TCP Connection(8)-127.0.0.1] INFO  c.z.h.HikariDataSource                             -HikariPool-1 - Shutdown completed. 
2023-01-07 12:52:17,784 [restartedMain] INFO  c.m.f.FeedbackmoduleApplication                    -Starting FeedbackmoduleApplication using Java 17.0.5 on DESKTOP-IO5RF1D with PID 23496 (C:\Users\Komali\Desktop\MedicalService-System\back-end\feedbackmodule\target\classes started by Komali in C:\Users\Komali\Desktop\MedicalService-System\back-end\feedbackmodule) 
2023-01-07 12:52:17,813 [restartedMain] INFO  c.m.f.FeedbackmoduleApplication                    -No active profile set, falling back to 1 default profile: "default" 
2023-01-07 12:52:17,940 [restartedMain] INFO  o.s.b.d.e.DevToolsPropertyDefaultsPostProcessor    -Devtools property defaults active! Set 'spring.devtools.add-properties' to 'false' to disable 
2023-01-07 12:52:17,940 [restartedMain] INFO  o.s.b.d.e.DevToolsPropertyDefaultsPostProcessor    -For additional web related logging consider setting the 'logging.level.web' property to 'DEBUG' 
2023-01-07 12:52:19,936 [restartedMain] INFO  o.s.d.r.c.RepositoryConfigurationDelegate          -Bootstrapping Spring Data JPA repositories in DEFAULT mode. 
2023-01-07 12:52:20,043 [restartedMain] INFO  o.s.d.r.c.RepositoryConfigurationDelegate          -Finished Spring Data repository scanning in 88 ms. Found 1 JPA repository interfaces. 
2023-01-07 12:52:21,330 [restartedMain] INFO  o.s.b.w.e.t.TomcatWebServer                        -Tomcat initialized with port(s): 9096 (http) 
2023-01-07 12:52:21,349 [restartedMain] INFO  o.a.c.h.Http11NioProtocol                          -Initializing ProtocolHandler ["http-nio-9096"] 
2023-01-07 12:52:21,350 [restartedMain] INFO  o.a.c.c.StandardService                            -Starting service [Tomcat] 
2023-01-07 12:52:21,353 [restartedMain] INFO  o.a.c.c.StandardEngine                             -Starting Servlet engine: [Apache Tomcat/9.0.70] 
2023-01-07 12:52:21,533 [restartedMain] INFO  o.a.c.c.C.[.[.[/]                                  -Initializing Spring embedded WebApplicationContext 
2023-01-07 12:52:21,534 [restartedMain] INFO  o.s.b.w.s.c.ServletWebServerApplicationContext     -Root WebApplicationContext: initialization completed in 3592 ms 
2023-01-07 12:52:21,817 [restartedMain] INFO  o.h.j.i.u.LogHelper                                -HHH000204: Processing PersistenceUnitInfo [name: default] 
2023-01-07 12:52:21,927 [restartedMain] INFO  o.h.Version                                        -HHH000412: Hibernate ORM core version 5.6.14.Final 
2023-01-07 12:52:22,252 [restartedMain] INFO  o.h.a.c.Version                                    -HCANN000001: Hibernate Commons Annotations {5.1.2.Final} 
2023-01-07 12:52:22,472 [restartedMain] INFO  c.z.h.HikariDataSource                             -HikariPool-1 - Starting... 
2023-01-07 12:52:23,057 [restartedMain] INFO  c.z.h.HikariDataSource                             -HikariPool-1 - Start completed. 
2023-01-07 12:52:23,089 [restartedMain] INFO  o.h.d.Dialect                                      -HHH000400: Using dialect: org.hibernate.dialect.MySQL5Dialect 
2023-01-07 12:52:24,365 [restartedMain] INFO  o.h.e.t.j.p.i.JtaPlatformInitiator                 -HHH000490: Using JtaPlatform implementation: [org.hibernate.engine.transaction.jta.platform.internal.NoJtaPlatform] 
2023-01-07 12:52:24,382 [restartedMain] INFO  o.s.o.j.LocalContainerEntityManagerFactoryBean     -Initialized JPA EntityManagerFactory for persistence unit 'default' 
2023-01-07 12:52:25,301 [restartedMain] WARN  o.s.b.a.o.j.JpaBaseConfiguration$JpaWebConfiguration -spring.jpa.open-in-view is enabled by default. Therefore, database queries may be performed during view rendering. Explicitly configure spring.jpa.open-in-view to disable this warning 
2023-01-07 12:52:25,788 [restartedMain] WARN  o.s.b.d.a.OptionalLiveReloadServer                 -Unable to start LiveReload server 
2023-01-07 12:52:26,094 [restartedMain] INFO  o.a.c.h.Http11NioProtocol                          -Starting ProtocolHandler ["http-nio-9096"] 
2023-01-07 12:52:26,133 [restartedMain] INFO  o.s.b.w.e.t.TomcatWebServer                        -Tomcat started on port(s): 9096 (http) with context path '' 
2023-01-07 12:52:26,500 [restartedMain] INFO  c.m.f.FeedbackmoduleApplication                    -Started FeedbackmoduleApplication in 9.586 seconds (JVM running for 11.758) 
2023-01-07 13:21:47,418 [http-nio-9096-exec-1] INFO  o.a.c.c.C.[.[.[/]                                  -Initializing Spring DispatcherServlet 'dispatcherServlet' 
2023-01-07 13:21:47,418 [http-nio-9096-exec-1] INFO  o.s.w.s.DispatcherServlet                          -Initializing Servlet 'dispatcherServlet' 
2023-01-07 13:21:47,424 [http-nio-9096-exec-1] INFO  o.s.w.s.DispatcherServlet                          -Completed initialization in 5 ms 
2023-01-07 15:12:19,720 [http-nio-9096-exec-6] INFO  c.m.f.c.FeedbackController                         -Entering Method addFeedback in FeedbackController 
2023-01-07 15:12:19,722 [http-nio-9096-exec-6] INFO  c.m.f.s.FeedbackServiceImp                         -Adding Feedbacks From FeedbackService..... 
2023-01-07 16:27:29,292 [RMI TCP Connection(222)-127.0.0.1] INFO  o.s.b.a.SpringApplicationAdminMXBeanRegistrar$SpringApplicationAdmin -Application shutdown requested. 
2023-01-07 16:27:29,328 [RMI TCP Connection(222)-127.0.0.1] INFO  o.a.c.h.Http11NioProtocol                          -Pausing ProtocolHandler ["http-nio-9096"] 
2023-01-07 16:27:29,330 [RMI TCP Connection(222)-127.0.0.1] INFO  o.a.c.c.StandardService                            -Stopping service [Tomcat] 
2023-01-07 16:27:29,334 [RMI TCP Connection(222)-127.0.0.1] INFO  o.a.c.c.C.[.[.[/]                                  -Destroying Spring FrameworkServlet 'dispatcherServlet' 
2023-01-07 16:27:29,342 [RMI TCP Connection(222)-127.0.0.1] INFO  o.a.c.h.Http11NioProtocol                          -Stopping ProtocolHandler ["http-nio-9096"] 
2023-01-07 16:27:29,347 [RMI TCP Connection(222)-127.0.0.1] INFO  o.a.c.h.Http11NioProtocol                          -Destroying ProtocolHandler ["http-nio-9096"] 
2023-01-07 16:27:29,357 [RMI TCP Connection(222)-127.0.0.1] INFO  o.s.o.j.LocalContainerEntityManagerFactoryBean     -Closing JPA EntityManagerFactory for persistence unit 'default' 
2023-01-07 16:27:29,365 [RMI TCP Connection(222)-127.0.0.1] INFO  c.z.h.HikariDataSource                             -HikariPool-1 - Shutdown initiated... 
2023-01-07 16:27:29,374 [RMI TCP Connection(222)-127.0.0.1] INFO  c.z.h.HikariDataSource                             -HikariPool-1 - Shutdown completed. 
