2023-01-07 14:02:47,101 [main] INFO  c.m.p.PatientModuleMsApplication                   -Starting PatientModuleMsApplication using Java 17.0.5 on DESKTOP-IO5RF1D with PID 11048 (C:\Users\Komali\Desktop\MedicalService-System\back-end\patientModuleMS\target\classes started by Komali in C:\Users\Komali\Desktop\MedicalService-System\back-end\patientModuleMS) 
2023-01-07 14:02:47,130 [main] INFO  c.m.p.PatientModuleMsApplication                   -No active profile set, falling back to 1 default profile: "default" 
2023-01-07 14:02:48,826 [main] INFO  o.s.d.r.c.RepositoryConfigurationDelegate          -Bootstrapping Spring Data JPA repositories in DEFAULT mode. 
2023-01-07 14:02:48,974 [main] INFO  o.s.d.r.c.RepositoryConfigurationDelegate          -Finished Spring Data repository scanning in 104 ms. Found 1 JPA repository interfaces. 
2023-01-07 14:02:50,089 [main] INFO  o.s.b.w.e.t.TomcatWebServer                        -Tomcat initialized with port(s): 9098 (http) 
2023-01-07 14:02:50,114 [main] INFO  o.a.c.h.Http11NioProtocol                          -Initializing ProtocolHandler ["http-nio-9098"] 
2023-01-07 14:02:50,118 [main] INFO  o.a.c.c.StandardService                            -Starting service [Tomcat] 
2023-01-07 14:02:50,120 [main] INFO  o.a.c.c.StandardEngine                             -Starting Servlet engine: [Apache Tomcat/9.0.70] 
2023-01-07 14:02:50,575 [main] INFO  o.a.c.c.C.[.[.[/]                                  -Initializing Spring embedded WebApplicationContext 
2023-01-07 14:02:50,576 [main] INFO  o.s.b.w.s.c.ServletWebServerApplicationContext     -Root WebApplicationContext: initialization completed in 3324 ms 
2023-01-07 14:02:50,918 [main] INFO  o.h.j.i.u.LogHelper                                -HHH000204: Processing PersistenceUnitInfo [name: default] 
2023-01-07 14:02:51,032 [main] INFO  o.h.Version                                        -HHH000412: Hibernate ORM core version 5.6.14.Final 
2023-01-07 14:02:51,350 [main] INFO  o.h.a.c.Version                                    -HCANN000001: Hibernate Commons Annotations {5.1.2.Final} 
2023-01-07 14:02:51,558 [main] INFO  c.z.h.HikariDataSource                             -HikariPool-1 - Starting... 
2023-01-07 14:02:52,171 [main] INFO  c.z.h.HikariDataSource                             -HikariPool-1 - Start completed. 
2023-01-07 14:02:52,202 [main] INFO  o.h.d.Dialect                                      -HHH000400: Using dialect: org.hibernate.dialect.MySQL5Dialect 
2023-01-07 14:02:53,498 [main] INFO  o.h.e.t.j.p.i.JtaPlatformInitiator                 -HHH000490: Using JtaPlatform implementation: [org.hibernate.engine.transaction.jta.platform.internal.NoJtaPlatform] 
2023-01-07 14:02:53,516 [main] INFO  o.s.o.j.LocalContainerEntityManagerFactoryBean     -Initialized JPA EntityManagerFactory for persistence unit 'default' 
2023-01-07 14:02:53,531 [main] INFO  c.m.p.s.PatientServiceImp                          -Inside the patient Controller  
2023-01-07 14:02:54,553 [main] WARN  o.s.b.a.o.j.JpaBaseConfiguration$JpaWebConfiguration -spring.jpa.open-in-view is enabled by default. Therefore, database queries may be performed during view rendering. Explicitly configure spring.jpa.open-in-view to disable this warning 
2023-01-07 14:02:55,281 [main] INFO  o.a.c.h.Http11NioProtocol                          -Starting ProtocolHandler ["http-nio-9098"] 
2023-01-07 14:02:55,319 [main] INFO  o.s.b.w.e.t.TomcatWebServer                        -Tomcat started on port(s): 9098 (http) with context path '' 
2023-01-07 14:02:55,697 [main] INFO  c.m.p.PatientModuleMsApplication                   -Started PatientModuleMsApplication in 9.474 seconds (JVM running for 11.742) 
2023-01-07 14:04:46,316 [http-nio-9098-exec-1] INFO  o.a.c.c.C.[.[.[/]                                  -Initializing Spring DispatcherServlet 'dispatcherServlet' 
2023-01-07 14:04:46,317 [http-nio-9098-exec-1] INFO  o.s.w.s.DispatcherServlet                          -Initializing Servlet 'dispatcherServlet' 
2023-01-07 14:04:46,321 [http-nio-9098-exec-1] INFO  o.s.w.s.DispatcherServlet                          -Completed initialization in 4 ms 
2023-01-07 14:04:46,415 [http-nio-9098-exec-1] INFO  c.m.p.s.PatientServiceImp                          -Enter into patient Controller and getting the findPatientByEmail method  
2023-01-07 14:04:46,415 [http-nio-9098-exec-1] INFO  c.m.p.s.PatientServiceImp                          -Getting Patient By Patient Email From PatientService..... 
2023-01-07 14:04:49,851 [http-nio-9098-exec-2] INFO  c.m.p.s.PatientServiceImp                          -Enter into patient Controller and getting the findPatientByEmail method  
2023-01-07 14:04:49,852 [http-nio-9098-exec-2] INFO  c.m.p.s.PatientServiceImp                          -Getting Patient By Patient Email From PatientService..... 
2023-01-07 14:05:02,490 [http-nio-9098-exec-3] INFO  c.m.p.s.PatientServiceImp                          -Enter into patient Controller and getting the findPatientByEmail method  
2023-01-07 14:05:02,490 [http-nio-9098-exec-3] INFO  c.m.p.s.PatientServiceImp                          -Getting Patient By Patient Email From PatientService..... 
2023-01-07 16:27:56,813 [main] INFO  c.m.p.PatientModuleMsApplication                   -Starting PatientModuleMsApplication using Java 17.0.5 on DESKTOP-IO5RF1D with PID 22884 (C:\Users\Komali\Desktop\MedicalService-System\back-end\patientModuleMS\target\classes started by Komali in C:\Users\Komali\Desktop\MedicalService-System\back-end\patientModuleMS) 
2023-01-07 16:27:56,847 [main] INFO  c.m.p.PatientModuleMsApplication                   -No active profile set, falling back to 1 default profile: "default" 
2023-01-07 16:27:58,988 [main] INFO  o.s.d.r.c.RepositoryConfigurationDelegate          -Bootstrapping Spring Data JPA repositories in DEFAULT mode. 
2023-01-07 16:27:59,107 [main] INFO  o.s.d.r.c.RepositoryConfigurationDelegate          -Finished Spring Data repository scanning in 94 ms. Found 1 JPA repository interfaces. 
2023-01-07 16:28:00,294 [main] INFO  o.s.b.w.e.t.TomcatWebServer                        -Tomcat initialized with port(s): 9098 (http) 
2023-01-07 16:28:00,316 [main] INFO  o.a.c.h.Http11NioProtocol                          -Initializing ProtocolHandler ["http-nio-9098"] 
2023-01-07 16:28:00,319 [main] INFO  o.a.c.c.StandardService                            -Starting service [Tomcat] 
2023-01-07 16:28:00,321 [main] INFO  o.a.c.c.StandardEngine                             -Starting Servlet engine: [Apache Tomcat/9.0.70] 
2023-01-07 16:28:00,582 [main] INFO  o.a.c.c.C.[.[.[/]                                  -Initializing Spring embedded WebApplicationContext 
2023-01-07 16:28:00,584 [main] INFO  o.s.b.w.s.c.ServletWebServerApplicationContext     -Root WebApplicationContext: initialization completed in 3623 ms 
2023-01-07 16:28:00,906 [main] INFO  o.h.j.i.u.LogHelper                                -HHH000204: Processing PersistenceUnitInfo [name: default] 
2023-01-07 16:28:01,120 [main] INFO  o.h.Version                                        -HHH000412: Hibernate ORM core version 5.6.14.Final 
2023-01-07 16:28:01,480 [main] INFO  o.h.a.c.Version                                    -HCANN000001: Hibernate Commons Annotations {5.1.2.Final} 
2023-01-07 16:28:01,710 [main] INFO  c.z.h.HikariDataSource                             -HikariPool-1 - Starting... 
2023-01-07 16:28:02,440 [main] INFO  c.z.h.HikariDataSource                             -HikariPool-1 - Start completed. 
2023-01-07 16:28:02,486 [main] INFO  o.h.d.Dialect                                      -HHH000400: Using dialect: org.hibernate.dialect.MySQL5Dialect 
2023-01-07 16:28:03,992 [main] INFO  o.h.e.t.j.p.i.JtaPlatformInitiator                 -HHH000490: Using JtaPlatform implementation: [org.hibernate.engine.transaction.jta.platform.internal.NoJtaPlatform] 
2023-01-07 16:28:04,020 [main] INFO  o.s.o.j.LocalContainerEntityManagerFactoryBean     -Initialized JPA EntityManagerFactory for persistence unit 'default' 
2023-01-07 16:28:04,042 [main] INFO  c.m.p.s.PatientServiceImp                          -Inside the patient Controller  
2023-01-07 16:28:05,318 [main] WARN  o.s.b.a.o.j.JpaBaseConfiguration$JpaWebConfiguration -spring.jpa.open-in-view is enabled by default. Therefore, database queries may be performed during view rendering. Explicitly configure spring.jpa.open-in-view to disable this warning 
2023-01-07 16:28:06,297 [main] INFO  o.a.c.h.Http11NioProtocol                          -Starting ProtocolHandler ["http-nio-9098"] 
2023-01-07 16:28:06,309 [main] WARN  o.s.b.w.s.c.AnnotationConfigServletWebServerApplicationContext -Exception encountered during context initialization - cancelling refresh attempt: org.springframework.context.ApplicationContextException: Failed to start bean 'webServerStartStop'; nested exception is org.springframework.boot.web.server.PortInUseException: Port 9098 is already in use 
2023-01-07 16:28:06,322 [main] INFO  o.s.o.j.LocalContainerEntityManagerFactoryBean     -Closing JPA EntityManagerFactory for persistence unit 'default' 
2023-01-07 16:28:06,326 [main] INFO  c.z.h.HikariDataSource                             -HikariPool-1 - Shutdown initiated... 
2023-01-07 16:28:06,351 [main] INFO  c.z.h.HikariDataSource                             -HikariPool-1 - Shutdown completed. 
2023-01-07 16:28:06,357 [main] INFO  o.a.c.h.Http11NioProtocol                          -Pausing ProtocolHandler ["http-nio-9098"] 
2023-01-07 16:28:06,360 [main] INFO  o.a.c.c.StandardService                            -Stopping service [Tomcat] 
2023-01-07 16:28:06,377 [main] INFO  o.a.c.h.Http11NioProtocol                          -Stopping ProtocolHandler ["http-nio-9098"] 
2023-01-07 16:28:06,380 [main] INFO  o.a.c.h.Http11NioProtocol                          -Destroying ProtocolHandler ["http-nio-9098"] 
2023-01-07 16:28:06,407 [main] INFO  o.s.b.a.l.ConditionEvaluationReportLoggingListener -

Error starting ApplicationContext. To display the conditions report re-run your application with 'debug' enabled. 
2023-01-07 16:28:06,459 [main] ERROR o.s.b.d.LoggingFailureAnalysisReporter             -

***************************
APPLICATION FAILED TO START
***************************

Description:

Web server failed to start. Port 9098 was already in use.

Action:

Identify and stop the process that's listening on port 9098 or configure this application to listen on another port.
 
2023-01-07 16:28:16,576 [RMI TCP Connection(153)-127.0.0.1] INFO  o.s.b.a.SpringApplicationAdminMXBeanRegistrar$SpringApplicationAdmin -Application shutdown requested. 
2023-01-07 16:28:16,620 [RMI TCP Connection(153)-127.0.0.1] INFO  o.a.c.h.Http11NioProtocol                          -Pausing ProtocolHandler ["http-nio-9098"] 
2023-01-07 16:28:16,621 [RMI TCP Connection(153)-127.0.0.1] INFO  o.a.c.c.StandardService                            -Stopping service [Tomcat] 
2023-01-07 16:28:16,625 [RMI TCP Connection(153)-127.0.0.1] INFO  o.a.c.c.C.[.[.[/]                                  -Destroying Spring FrameworkServlet 'dispatcherServlet' 
2023-01-07 16:28:16,638 [RMI TCP Connection(153)-127.0.0.1] INFO  o.a.c.h.Http11NioProtocol                          -Stopping ProtocolHandler ["http-nio-9098"] 
2023-01-07 16:28:16,643 [RMI TCP Connection(153)-127.0.0.1] INFO  o.a.c.h.Http11NioProtocol                          -Destroying ProtocolHandler ["http-nio-9098"] 
2023-01-07 16:28:16,656 [RMI TCP Connection(153)-127.0.0.1] INFO  o.s.o.j.LocalContainerEntityManagerFactoryBean     -Closing JPA EntityManagerFactory for persistence unit 'default' 
2023-01-07 16:28:16,662 [RMI TCP Connection(153)-127.0.0.1] INFO  c.z.h.HikariDataSource                             -HikariPool-1 - Shutdown initiated... 
2023-01-07 16:28:16,677 [RMI TCP Connection(153)-127.0.0.1] INFO  c.z.h.HikariDataSource                             -HikariPool-1 - Shutdown completed. 
