2022-12-27 15:39:02,797 [Worker-5: Loading available Gradle versions] INFO  o.e.b.c.i.u.g.PublishedGradleVersions - Gradle version information cache is up-to-date. Trying to read.
2022-12-27 15:45:27,440 [Worker-0: Loading available Gradle versions] INFO  o.e.b.c.i.u.g.PublishedGradleVersions - Gradle version information cache is up-to-date. Trying to read.
2022-12-27 15:51:18,890 [Worker-3: Importing Maven projects] INFO  o.e.m.c.i.l.LifecycleMappingFactory - Using org.eclipse.m2e.jdt.JarLifecycleMapping lifecycle mapping for MavenProject: com.medicalservice.doctor:doctormodule:0.0.1-SNAPSHOT @ E:\MedicalService-System\back-end\doctormodule\pom.xml.
2022-12-27 15:51:33,282 [Worker-3: Importing Maven projects] INFO  o.e.m.j.i.AbstractJavaProjectConfigurator - Adding source folder /doctormodule/src/main/java
2022-12-27 15:51:33,283 [Worker-3: Importing Maven projects] INFO  o.e.m.j.i.AbstractJavaProjectConfigurator - Adding resource folder /doctormodule/src/main/resources
2022-12-27 15:51:33,291 [Worker-3: Importing Maven projects] INFO  o.e.m.j.i.AbstractJavaProjectConfigurator - Adding resource folder /doctormodule/src/main/resources
2022-12-27 15:51:33,300 [Worker-3: Importing Maven projects] INFO  o.e.m.j.i.AbstractJavaProjectConfigurator - Adding source folder /doctormodule/src/test/java
2022-12-27 15:51:41,854 [Worker-3: Importing Maven projects] INFO  o.e.m.c.i.p.ProjectConfigurationManager - Imported and configured 1 project(s) in 30 sec
2022-12-27 15:51:44,885 [Worker-10: Importing Maven projects] INFO  o.e.m.c.i.l.LifecycleMappingFactory - Using org.eclipse.m2e.jdt.JarLifecycleMapping lifecycle mapping for MavenProject: com.medicalservice.patient:patientmodule:0.0.1-SNAPSHOT @ E:\MedicalService-System\back-end\patientmodule\pom.xml.
2022-12-27 15:51:46,170 [Worker-10: Importing Maven projects] INFO  o.e.m.j.i.AbstractJavaProjectConfigurator - Adding source folder /patientmodule/src/main/java
2022-12-27 15:51:46,171 [Worker-10: Importing Maven projects] INFO  o.e.m.j.i.AbstractJavaProjectConfigurator - Adding resource folder /patientmodule/src/main/resources
2022-12-27 15:51:46,187 [Worker-10: Importing Maven projects] INFO  o.e.m.j.i.AbstractJavaProjectConfigurator - Adding resource folder /patientmodule/src/main/resources
2022-12-27 15:51:46,206 [Worker-10: Importing Maven projects] INFO  o.e.m.j.i.AbstractJavaProjectConfigurator - Adding source folder /patientmodule/src/test/java
2022-12-27 15:51:47,028 [Worker-10: Importing Maven projects] INFO  o.e.m.c.i.p.ProjectConfigurationManager - Imported and configured 1 project(s) in 3 sec
2022-12-27 15:52:09,614 [Worker-12: Updating Maven Project] INFO  o.e.m.c.i.p.ProjectConfigurationManager - Update started
2022-12-27 15:52:11,662 [Worker-12: Updating Maven Project] INFO  o.e.m.c.i.l.LifecycleMappingFactory - Using org.eclipse.m2e.jdt.JarLifecycleMapping lifecycle mapping for MavenProject: com.medicalservice.doctor:doctormodule:0.0.1-SNAPSHOT @ E:\MedicalService-System\back-end\doctormodule\pom.xml.
2022-12-27 15:52:14,308 [Worker-12: Updating Maven Project] INFO  o.e.m.c.i.l.LifecycleMappingFactory - Using org.eclipse.m2e.jdt.JarLifecycleMapping lifecycle mapping for MavenProject: com.medicalservice.patient:patientmodule:0.0.1-SNAPSHOT @ E:\MedicalService-System\back-end\patientmodule\pom.xml.
2022-12-27 15:52:15,792 [Worker-12: Updating Maven Project] INFO  o.e.m.j.i.AbstractJavaProjectConfigurator - Adding source folder /doctormodule/src/main/java
2022-12-27 15:52:15,793 [Worker-12: Updating Maven Project] INFO  o.e.m.j.i.AbstractJavaProjectConfigurator - Adding resource folder /doctormodule/src/main/resources
2022-12-27 15:52:15,793 [Worker-12: Updating Maven Project] INFO  o.e.m.j.i.AbstractJavaProjectConfigurator - Adding resource folder /doctormodule/src/main/resources
2022-12-27 15:52:15,796 [Worker-12: Updating Maven Project] INFO  o.e.m.j.i.AbstractJavaProjectConfigurator - Adding source folder /doctormodule/src/test/java
2022-12-27 15:52:16,687 [Worker-12: Updating Maven Project] INFO  o.e.m.j.i.AbstractJavaProjectConfigurator - Adding source folder /patientmodule/src/main/java
2022-12-27 15:52:16,687 [Worker-12: Updating Maven Project] INFO  o.e.m.j.i.AbstractJavaProjectConfigurator - Adding resource folder /patientmodule/src/main/resources
2022-12-27 15:52:16,688 [Worker-12: Updating Maven Project] INFO  o.e.m.j.i.AbstractJavaProjectConfigurator - Adding resource folder /patientmodule/src/main/resources
2022-12-27 15:52:16,689 [Worker-12: Updating Maven Project] INFO  o.e.m.j.i.AbstractJavaProjectConfigurator - Adding source folder /patientmodule/src/test/java
2022-12-27 15:52:17,845 [Worker-12: Updating Maven Project] INFO  o.e.m.c.i.p.ProjectConfigurationManager - Update completed for 2 poms: local refresh takes 0.00 sec, refresh facades takes 5.00 sec, update config takes 1.00 sec 
2022-12-27 16:29:04,740 [Worker-10: Updating Maven Project] INFO  o.e.m.c.i.p.ProjectConfigurationManager - Update started
2022-12-27 16:29:05,871 [Worker-10: Updating Maven Project] INFO  o.e.m.c.i.l.LifecycleMappingFactory - Using org.eclipse.m2e.jdt.JarLifecycleMapping lifecycle mapping for MavenProject: com.medicalservice.doctor:doctormodule:0.0.1-SNAPSHOT @ E:\MedicalService-System\back-end\doctormodule\pom.xml.
2022-12-27 16:29:07,545 [Worker-10: Updating Maven Project] INFO  o.e.m.j.i.AbstractJavaProjectConfigurator - Adding source folder /doctormodule/src/main/java
2022-12-27 16:29:07,546 [Worker-10: Updating Maven Project] INFO  o.e.m.j.i.AbstractJavaProjectConfigurator - Adding resource folder /doctormodule/src/main/resources
2022-12-27 16:29:07,547 [Worker-10: Updating Maven Project] INFO  o.e.m.j.i.AbstractJavaProjectConfigurator - Adding resource folder /doctormodule/src/main/resources
2022-12-27 16:29:07,549 [Worker-10: Updating Maven Project] INFO  o.e.m.j.i.AbstractJavaProjectConfigurator - Adding source folder /doctormodule/src/test/java
2022-12-27 16:29:08,526 [Worker-10: Updating Maven Project] INFO  o.e.m.c.i.p.ProjectConfigurationManager - Update completed for 1 poms: local refresh takes 0.00 sec, refresh facades takes 2.00 sec, update config takes 0.00 sec 
