2023-01-07 12:43:07,030 [main] INFO  o.s.b.t.c.SpringBootTestContextBootstrapper        -Neither @ContextConfiguration nor @ContextHierarchy found for test class [com.medicalservice.user.UsermoduleApplicationTests], using SpringBootContextLoader 
2023-01-07 12:43:07,041 [main] INFO  o.s.t.c.s.AbstractContextLoader                    -Could not detect default resource locations for test class [com.medicalservice.user.UsermoduleApplicationTests]: no resource found for suffixes {-context.xml, Context.groovy}. 
2023-01-07 12:43:07,042 [main] INFO  o.s.t.c.s.AnnotationConfigContextLoaderUtils       -Could not detect default configuration classes for test class [com.medicalservice.user.UsermoduleApplicationTests]: UsermoduleApplicationTests does not declare any static, non-private, non-final, nested classes annotated with @Configuration. 
2023-01-07 12:43:07,277 [main] INFO  o.s.b.t.c.SpringBootTestContextBootstrapper        -Found @SpringBootConfiguration com.medicalservice.user.UsermoduleApplication for test class com.medicalservice.user.UsermoduleApplicationTests 
2023-01-07 12:43:07,401 [main] INFO  o.s.b.t.c.SpringBootTestContextBootstrapper        -Loaded default TestExecutionListener class names from location [META-INF/spring.factories]: [org.springframework.boot.test.mock.mockito.MockitoTestExecutionListener, org.springframework.boot.test.mock.mockito.ResetMocksTestExecutionListener, org.springframework.boot.test.autoconfigure.restdocs.RestDocsTestExecutionListener, org.springframework.boot.test.autoconfigure.web.client.MockRestServiceServerResetTestExecutionListener, org.springframework.boot.test.autoconfigure.web.servlet.MockMvcPrintOnlyOnFailureTestExecutionListener, org.springframework.boot.test.autoconfigure.web.servlet.WebDriverTestExecutionListener, org.springframework.boot.test.autoconfigure.webservices.client.MockWebServiceServerTestExecutionListener, org.springframework.test.context.web.ServletTestExecutionListener, org.springframework.test.context.support.DirtiesContextBeforeModesTestExecutionListener, org.springframework.test.context.event.ApplicationEventsTestExecutionListener, org.springframework.test.context.support.DependencyInjectionTestExecutionListener, org.springframework.test.context.support.DirtiesContextTestExecutionListener, org.springframework.test.context.transaction.TransactionalTestExecutionListener, org.springframework.test.context.jdbc.SqlScriptsTestExecutionListener, org.springframework.test.context.event.EventPublishingTestExecutionListener] 
2023-01-07 12:43:07,423 [main] INFO  o.s.b.t.c.SpringBootTestContextBootstrapper        -Using TestExecutionListeners: [org.springframework.test.context.web.ServletTestExecutionListener@41d7b27f, org.springframework.test.context.support.DirtiesContextBeforeModesTestExecutionListener@49096b06, org.springframework.test.context.event.ApplicationEventsTestExecutionListener@4a183d02, org.springframework.boot.test.mock.mockito.MockitoTestExecutionListener@5d05ef57, org.springframework.boot.test.autoconfigure.SpringBootDependencyInjectionTestExecutionListener@213deac2, org.springframework.test.context.support.DirtiesContextTestExecutionListener@23eee4b8, org.springframework.test.context.transaction.TransactionalTestExecutionListener@28952dea, org.springframework.test.context.jdbc.SqlScriptsTestExecutionListener@5a9800f8, org.springframework.test.context.event.EventPublishingTestExecutionListener@143d9a93, org.springframework.boot.test.mock.mockito.ResetMocksTestExecutionListener@40226788, org.springframework.boot.test.autoconfigure.restdocs.RestDocsTestExecutionListener@4159e81b, org.springframework.boot.test.autoconfigure.web.client.MockRestServiceServerResetTestExecutionListener@5b5caf08, org.springframework.boot.test.autoconfigure.web.servlet.MockMvcPrintOnlyOnFailureTestExecutionListener@23cd4ff2, org.springframework.boot.test.autoconfigure.web.servlet.WebDriverTestExecutionListener@70807224, org.springframework.boot.test.autoconfigure.webservices.client.MockWebServiceServerTestExecutionListener@7e97551f] 
2023-01-07 12:43:07,898 [main] INFO  c.m.u.UsermoduleApplicationTests                   -Starting UsermoduleApplicationTests using Java 17.0.5 on DESKTOP-UPPUP6E with PID 9652 (started by M Pavani in C:\Users\M Pavani\Desktop\MedicalService-System\back-end\usermodule) 
2023-01-07 12:43:07,903 [main] INFO  c.m.u.UsermoduleApplicationTests                   -No active profile set, falling back to 1 default profile: "default" 
2023-01-07 12:43:09,696 [main] INFO  o.s.d.r.c.RepositoryConfigurationDelegate          -Bootstrapping Spring Data JPA repositories in DEFAULT mode. 
2023-01-07 12:43:09,827 [main] INFO  o.s.d.r.c.RepositoryConfigurationDelegate          -Finished Spring Data repository scanning in 109 ms. Found 1 JPA repository interfaces. 
2023-01-07 12:43:11,121 [main] INFO  o.h.j.i.u.LogHelper                                -HHH000204: Processing PersistenceUnitInfo [name: default] 
2023-01-07 12:43:11,377 [main] INFO  o.h.Version                                        -HHH000412: Hibernate ORM core version 5.6.14.Final 
2023-01-07 12:43:12,032 [main] INFO  o.h.a.c.Version                                    -HCANN000001: Hibernate Commons Annotations {5.1.2.Final} 
2023-01-07 12:43:12,313 [main] INFO  c.z.h.HikariDataSource                             -HikariPool-1 - Starting... 
2023-01-07 12:43:12,982 [main] INFO  c.z.h.HikariDataSource                             -HikariPool-1 - Start completed. 
2023-01-07 12:43:13,020 [main] INFO  o.h.d.Dialect                                      -HHH000400: Using dialect: org.hibernate.dialect.MySQL5Dialect 
2023-01-07 12:43:14,402 [main] INFO  o.h.e.t.j.p.i.JtaPlatformInitiator                 -HHH000490: Using JtaPlatform implementation: [org.hibernate.engine.transaction.jta.platform.internal.NoJtaPlatform] 
2023-01-07 12:43:14,414 [main] INFO  o.s.o.j.LocalContainerEntityManagerFactoryBean     -Initialized JPA EntityManagerFactory for persistence unit 'default' 
2023-01-07 12:43:16,024 [main] WARN  o.s.b.a.o.j.JpaBaseConfiguration$JpaWebConfiguration -spring.jpa.open-in-view is enabled by default. Therefore, database queries may be performed during view rendering. Explicitly configure spring.jpa.open-in-view to disable this warning 
2023-01-07 12:43:18,141 [main] INFO  c.m.u.UsermoduleApplicationTests                   -Started UsermoduleApplicationTests in 10.658 seconds (JVM running for 12.999) 
2023-01-07 12:43:18,808 [main] INFO  c.m.u.s.UserServiceImpl                            -adding All User From UserService..... 
2023-01-07 12:43:18,895 [main] INFO  c.m.u.s.UserServiceImpl                            -Getting All User From UserService..... 
2023-01-07 12:43:18,907 [main] INFO  c.m.u.s.UserServiceImpl                            -updating password for User From UserService..... 
2023-01-07 12:43:18,907 [main] INFO  c.m.u.s.UserServiceImpl                            -updating userName for User From UserService..... 
2023-01-07 12:43:19,122 [SpringApplicationShutdownHook] INFO  o.s.o.j.LocalContainerEntityManagerFactoryBean     -Closing JPA EntityManagerFactory for persistence unit 'default' 
2023-01-07 12:43:19,129 [SpringApplicationShutdownHook] INFO  c.z.h.HikariDataSource                             -HikariPool-1 - Shutdown initiated... 
2023-01-07 12:43:19,161 [SpringApplicationShutdownHook] INFO  c.z.h.HikariDataSource                             -HikariPool-1 - Shutdown completed. 
2023-01-07 12:44:03,675 [main] INFO  o.s.b.t.c.SpringBootTestContextBootstrapper        -Neither @ContextConfiguration nor @ContextHierarchy found for test class [com.medicalservice.user.UsermoduleApplicationTests], using SpringBootContextLoader 
2023-01-07 12:44:03,688 [main] INFO  o.s.t.c.s.AbstractContextLoader                    -Could not detect default resource locations for test class [com.medicalservice.user.UsermoduleApplicationTests]: no resource found for suffixes {-context.xml, Context.groovy}. 
2023-01-07 12:44:03,689 [main] INFO  o.s.t.c.s.AnnotationConfigContextLoaderUtils       -Could not detect default configuration classes for test class [com.medicalservice.user.UsermoduleApplicationTests]: UsermoduleApplicationTests does not declare any static, non-private, non-final, nested classes annotated with @Configuration. 
2023-01-07 12:44:03,910 [main] INFO  o.s.b.t.c.SpringBootTestContextBootstrapper        -Found @SpringBootConfiguration com.medicalservice.user.UsermoduleApplication for test class com.medicalservice.user.UsermoduleApplicationTests 
2023-01-07 12:44:04,193 [main] INFO  o.s.b.t.c.SpringBootTestContextBootstrapper        -Loaded default TestExecutionListener class names from location [META-INF/spring.factories]: [org.springframework.boot.test.mock.mockito.MockitoTestExecutionListener, org.springframework.boot.test.mock.mockito.ResetMocksTestExecutionListener, org.springframework.boot.test.autoconfigure.restdocs.RestDocsTestExecutionListener, org.springframework.boot.test.autoconfigure.web.client.MockRestServiceServerResetTestExecutionListener, org.springframework.boot.test.autoconfigure.web.servlet.MockMvcPrintOnlyOnFailureTestExecutionListener, org.springframework.boot.test.autoconfigure.web.servlet.WebDriverTestExecutionListener, org.springframework.boot.test.autoconfigure.webservices.client.MockWebServiceServerTestExecutionListener, org.springframework.test.context.web.ServletTestExecutionListener, org.springframework.test.context.support.DirtiesContextBeforeModesTestExecutionListener, org.springframework.test.context.event.ApplicationEventsTestExecutionListener, org.springframework.test.context.support.DependencyInjectionTestExecutionListener, org.springframework.test.context.support.DirtiesContextTestExecutionListener, org.springframework.test.context.transaction.TransactionalTestExecutionListener, org.springframework.test.context.jdbc.SqlScriptsTestExecutionListener, org.springframework.test.context.event.EventPublishingTestExecutionListener] 
2023-01-07 12:44:04,222 [main] INFO  o.s.b.t.c.SpringBootTestContextBootstrapper        -Using TestExecutionListeners: [org.springframework.test.context.web.ServletTestExecutionListener@31ff1390, org.springframework.test.context.support.DirtiesContextBeforeModesTestExecutionListener@759d81f3, org.springframework.test.context.event.ApplicationEventsTestExecutionListener@781a9412, org.springframework.boot.test.mock.mockito.MockitoTestExecutionListener@5a4c638d, org.springframework.boot.test.autoconfigure.SpringBootDependencyInjectionTestExecutionListener@13e698c7, org.springframework.test.context.support.DirtiesContextTestExecutionListener@aed0151, org.springframework.test.context.transaction.TransactionalTestExecutionListener@267bbe1a, org.springframework.test.context.jdbc.SqlScriptsTestExecutionListener@1f12e153, org.springframework.test.context.event.EventPublishingTestExecutionListener@389562d6, org.springframework.boot.test.mock.mockito.ResetMocksTestExecutionListener@5a101b1c, org.springframework.boot.test.autoconfigure.restdocs.RestDocsTestExecutionListener@2160e52a, org.springframework.boot.test.autoconfigure.web.client.MockRestServiceServerResetTestExecutionListener@29f0802c, org.springframework.boot.test.autoconfigure.web.servlet.MockMvcPrintOnlyOnFailureTestExecutionListener@3a60c416, org.springframework.boot.test.autoconfigure.web.servlet.WebDriverTestExecutionListener@60f2e0bd, org.springframework.boot.test.autoconfigure.webservices.client.MockWebServiceServerTestExecutionListener@469d003c] 
2023-01-07 12:44:04,603 [main] INFO  c.m.u.UsermoduleApplicationTests                   -Starting UsermoduleApplicationTests using Java 17.0.5 on DESKTOP-UPPUP6E with PID 13864 (started by M Pavani in C:\Users\M Pavani\Desktop\MedicalService-System\back-end\usermodule) 
2023-01-07 12:44:04,609 [main] INFO  c.m.u.UsermoduleApplicationTests                   -No active profile set, falling back to 1 default profile: "default" 
2023-01-07 12:44:06,179 [main] INFO  o.s.d.r.c.RepositoryConfigurationDelegate          -Bootstrapping Spring Data JPA repositories in DEFAULT mode. 
2023-01-07 12:44:06,266 [main] INFO  o.s.d.r.c.RepositoryConfigurationDelegate          -Finished Spring Data repository scanning in 70 ms. Found 1 JPA repository interfaces. 
2023-01-07 12:44:07,340 [main] INFO  o.h.j.i.u.LogHelper                                -HHH000204: Processing PersistenceUnitInfo [name: default] 
2023-01-07 12:44:07,451 [main] INFO  o.h.Version                                        -HHH000412: Hibernate ORM core version 5.6.14.Final 
2023-01-07 12:44:07,771 [main] INFO  o.h.a.c.Version                                    -HCANN000001: Hibernate Commons Annotations {5.1.2.Final} 
2023-01-07 12:44:08,037 [main] INFO  c.z.h.HikariDataSource                             -HikariPool-1 - Starting... 
2023-01-07 12:44:08,598 [main] INFO  c.z.h.HikariDataSource                             -HikariPool-1 - Start completed. 
2023-01-07 12:44:08,631 [main] INFO  o.h.d.Dialect                                      -HHH000400: Using dialect: org.hibernate.dialect.MySQL5Dialect 
2023-01-07 12:44:09,839 [main] INFO  o.h.e.t.j.p.i.JtaPlatformInitiator                 -HHH000490: Using JtaPlatform implementation: [org.hibernate.engine.transaction.jta.platform.internal.NoJtaPlatform] 
2023-01-07 12:44:09,849 [main] INFO  o.s.o.j.LocalContainerEntityManagerFactoryBean     -Initialized JPA EntityManagerFactory for persistence unit 'default' 
2023-01-07 12:44:11,051 [main] WARN  o.s.b.a.o.j.JpaBaseConfiguration$JpaWebConfiguration -spring.jpa.open-in-view is enabled by default. Therefore, database queries may be performed during view rendering. Explicitly configure spring.jpa.open-in-view to disable this warning 
2023-01-07 12:44:12,591 [main] INFO  c.m.u.UsermoduleApplicationTests                   -Started UsermoduleApplicationTests in 8.323 seconds (JVM running for 10.923) 
2023-01-07 12:44:13,282 [main] INFO  c.m.u.s.UserServiceImpl                            -adding All User From UserService..... 
2023-01-07 12:44:13,323 [main] INFO  c.m.u.s.UserServiceImpl                            -Getting All User From UserService..... 
2023-01-07 12:44:13,351 [main] INFO  c.m.u.s.UserServiceImpl                            -updating password for User From UserService..... 
2023-01-07 12:44:13,353 [main] INFO  c.m.u.s.UserServiceImpl                            -updating userName for User From UserService..... 
2023-01-07 12:44:13,415 [SpringApplicationShutdownHook] INFO  o.s.o.j.LocalContainerEntityManagerFactoryBean     -Closing JPA EntityManagerFactory for persistence unit 'default' 
2023-01-07 12:44:13,421 [SpringApplicationShutdownHook] INFO  c.z.h.HikariDataSource                             -HikariPool-1 - Shutdown initiated... 
2023-01-07 12:44:13,445 [SpringApplicationShutdownHook] INFO  c.z.h.HikariDataSource                             -HikariPool-1 - Shutdown completed. 
